sim_t,state,lidar_front,lidar_right,dist_rf,dist_rm,dist_rr,steering,engaged
19.470,WALL_FOLLOW,14.40,11.89,5.00,5.00,5.00,-0.0800,0
19.480,WALL_FOLLOW,14.32,11.89,5.00,5.00,5.00,-0.0800,0
19.490,WALL_FOLLOW,14.23,11.89,5.00,5.00,5.00,-0.0800,0
19.500,WALL_FOLLOW,14.15,11.89,5.00,5.00,5.00,-0.0800,0
19.510,WALL_FOLLOW,14.07,11.89,5.00,5.00,5.00,-0.0800,0
19.520,WALL_FOLLOW,13.99,11.89,5.00,5.00,5.00,-0.0800,0
19.530,WALL_FOLLOW,13.90,11.89,5.00,5.00,5.00,-0.0800,0
19.540,WALL_FOLLOW,13.82,11.89,5.00,5.00,5.00,-0.0800,0
19.550,WALL_FOLLOW,13.74,11.88,5.00,5.00,5.00,-0.0800,0
19.560,WALL_FOLLOW,13.66,11.88,5.00,5.00,5.00,-0.0800,0
19.570,WALL_FOLLOW,13.58,11.89,5.00,5.00,5.00,-0.0800,0
19.580,WALL_FOLLOW,13.50,11.89,5.00,5.00,5.00,-0.0800,0
19.590,WALL_FOLLOW,13.42,11.90,5.00,5.00,5.00,-0.0800,0
19.600,WALL_FOLLOW,13.35,11.90,5.00,5.00,5.00,-0.0800,0
19.610,WALL_FOLLOW,13.26,11.91,5.00,5.00,5.00,-0.0800,0
19.620,WALL_FOLLOW,13.19,11.92,5.00,5.00,5.00,-0.0800,0
19.630,WALL_FOLLOW,13.11,11.92,5.00,5.00,5.00,-0.0800,0
19.640,WALL_FOLLOW,13.04,11.93,5.00,5.00,5.00,-0.0800,0
19.650,WALL_FOLLOW,12.96,11.94,5.00,5.00,5.00,-0.0800,0
19.660,WALL_FOLLOW,12.88,11.95,5.00,5.00,5.00,-0.0800,0
19.670,WALL_FOLLOW,12.81,11.96,5.00,5.00,5.00,-0.0800,0
19.680,WALL_FOLLOW,12.73,11.96,5.00,5.00,5.00,-0.0800,0
19.690,WALL_FOLLOW,12.65,11.97,5.00,5.00,5.00,-0.0800,0
19.700,WALL_FOLLOW,12.58,11.98,5.00,5.00,5.00,-0.0800,0
19.710,WALL_FOLLOW,12.51,11.99,5.00,5.00,5.00,-0.0800,0
19.720,WALL_FOLLOW,12.44,12.00,5.00,5.00,5.00,-0.0800,0
19.730,WALL_FOLLOW,12.36,12.01,5.00,5.00,5.00,-0.0800,0
19.740,WALL_FOLLOW,12.29,12.02,5.00,5.00,5.00,-0.0800,0
19.750,WALL_FOLLOW,12.22,12.03,5.00,5.00,5.00,-0.0800,0
19.760,WALL_FOLLOW,12.15,12.04,5.00,5.00,5.00,-0.0800,0
19.770,WALL_FOLLOW,12.08,12.05,5.00,5.00,5.00,-0.0800,0
19.780,WALL_FOLLOW,12.01,12.06,5.00,5.00,5.00,-0.0800,0
19.790,WALL_FOLLOW,11.94,12.07,5.00,5.00,5.00,-0.0800,0
19.800,WALL_FOLLOW,11.87,12.08,5.00,5.00,5.00,-0.0800,0
19.810,WALL_FOLLOW,11.80,12.09,5.00,5.00,5.00,-0.0800,0
19.820,WALL_FOLLOW,11.73,12.10,5.00,5.00,5.00,-0.0800,0
19.830,WALL_FOLLOW,11.66,12.12,5.00,5.00,5.00,-0.0800,0
19.840,WALL_FOLLOW,11.59,12.13,5.00,5.00,5.00,-0.0800,0
19.850,WALL_FOLLOW,11.52,12.14,5.00,5.00,5.00,-0.0800,0
19.860,WALL_FOLLOW,11.46,12.15,5.00,5.00,5.00,-0.0800,0
19.870,WALL_FOLLOW,11.39,12.16,5.00,5.00,5.00,-0.0800,0
19.880,WALL_FOLLOW,11.32,12.17,5.00,5.00,5.00,-0.0800,0
19.890,WALL_FOLLOW,11.25,12.18,5.00,5.00,5.00,-0.0800,0
19.900,WALL_FOLLOW,11.19,12.19,5.00,5.00,5.00,-0.0800,0
19.910,WALL_FOLLOW,11.12,12.21,5.00,5.00,5.00,-0.0800,0
19.920,WALL_FOLLOW,11.06,12.22,5.00,5.00,5.00,-0.0800,0
19.930,WALL_FOLLOW,10.99,12.23,5.00,5.00,5.00,-0.0800,0
19.940,WALL_FOLLOW,10.93,12.24,5.00,5.00,5.00,-0.0800,0
19.950,WALL_FOLLOW,10.87,12.25,5.00,5.00,5.00,-0.0800,0
19.960,WALL_FOLLOW,10.80,12.26,5.00,5.00,5.00,-0.0800,0
19.970,WALL_FOLLOW,10.74,12.28,5.00,5.00,5.00,-0.0800,0
19.980,WALL_FOLLOW,10.68,12.29,5.00,5.00,5.00,-0.0800,0
19.990,WALL_FOLLOW,10.62,12.30,5.00,5.00,5.00,-0.0800,0
20.000,WALL_FOLLOW,10.55,12.31,5.00,5.00,5.00,-0.0800,0
20.010,WALL_FOLLOW,10.49,12.32,5.00,5.00,5.00,-0.0800,0
20.020,WALL_FOLLOW,10.43,12.34,5.00,5.00,5.00,-0.0800,0
20.030,WALL_FOLLOW,10.37,12.35,5.00,5.00,5.00,-0.0800,0
20.040,WALL_FOLLOW,10.31,12.36,5.00,5.00,5.00,-0.0800,0
20.050,WALL_FOLLOW,10.25,12.37,5.00,5.00,5.00,-0.0800,0
20.060,WALL_FOLLOW,10.19,12.39,5.00,5.00,5.00,-0.0800,0
20.070,WALL_FOLLOW,10.13,12.40,5.00,5.00,5.00,-0.0800,0
20.080,WALL_FOLLOW,10.08,12.41,5.00,5.00,5.00,-0.0800,0
20.090,WALL_FOLLOW,10.02,12.42,5.00,5.00,5.00,-0.0800,0
20.100,WALL_FOLLOW,9.96,12.44,5.00,5.00,5.00,-0.0800,0
20.110,WALL_FOLLOW,9.90,12.45,5.00,5.00,5.00,-0.0800,0
20.120,WALL_FOLLOW,9.85,12.46,5.00,5.00,5.00,-0.0800,0
20.130,WALL_FOLLOW,9.79,12.47,5.00,5.00,5.00,-0.0800,0
20.140,WALL_FOLLOW,9.73,12.49,5.00,5.00,5.00,-0.0800,0
20.150,WALL_FOLLOW,9.68,12.50,5.00,5.00,5.00,-0.0800,0
20.160,WALL_FOLLOW,9.63,12.51,5.00,5.00,5.00,-0.0800,0
20.170,WALL_FOLLOW,9.57,12.52,5.00,5.00,5.00,-0.0800,0
20.180,WALL_FOLLOW,9.52,12.54,5.00,5.00,5.00,-0.0800,0
20.190,WALL_FOLLOW,9.46,12.55,5.00,5.00,5.00,-0.0800,0
20.200,WALL_FOLLOW,9.41,12.56,5.00,5.00,5.00,-0.0800,0
20.210,WALL_FOLLOW,9.35,12.57,5.00,5.00,5.00,-0.0800,0
20.220,WALL_FOLLOW,9.30,12.59,5.00,5.00,5.00,-0.0800,0
20.230,WALL_FOLLOW,9.25,12.60,5.00,5.00,5.00,-0.0800,0
20.240,WALL_FOLLOW,9.20,12.61,5.00,5.00,5.00,-0.0800,0
20.250,WALL_FOLLOW,9.15,12.63,5.00,5.00,5.00,-0.0800,0
20.260,WALL_FOLLOW,9.10,12.64,5.00,5.00,5.00,-0.0800,0
20.270,WALL_FOLLOW,9.04,12.65,5.00,5.00,5.00,-0.0800,0
20.280,WALL_FOLLOW,9.00,12.67,5.00,5.00,5.00,-0.0800,0
20.290,WALL_FOLLOW,8.95,12.68,5.00,5.00,5.00,-0.0800,0
20.300,WALL_FOLLOW,8.90,12.69,5.00,5.00,5.00,-0.0800,0
20.310,WALL_FOLLOW,8.85,12.70,5.00,5.00,5.00,-0.0800,0
20.320,WALL_FOLLOW,8.80,12.72,5.00,5.00,5.00,-0.0800,0
20.330,WALL_FOLLOW,8.75,12.73,5.00,5.00,5.00,-0.0800,0
20.340,WALL_FOLLOW,8.70,12.74,5.00,5.00,5.00,-0.0800,0
20.350,WALL_FOLLOW,8.66,12.75,5.00,5.00,5.00,-0.0800,0
20.360,WALL_FOLLOW,8.62,12.77,5.00,5.00,5.00,-0.0800,0
20.370,WALL_FOLLOW,8.57,12.78,5.00,5.00,5.00,-0.0800,0
20.380,WALL_FOLLOW,8.52,12.79,5.00,5.00,5.00,-0.0800,0
20.390,WALL_FOLLOW,8.47,12.81,5.00,5.00,5.00,-0.0800,0
20.400,WALL_FOLLOW,8.43,12.82,5.00,5.00,5.00,-0.0800,0
20.410,WALL_FOLLOW,8.39,12.83,5.00,5.00,5.00,-0.0800,0
20.420,WALL_FOLLOW,8.34,12.84,5.00,5.00,5.00,-0.0800,0
20.430,WALL_FOLLOW,8.30,12.86,5.00,5.00,5.00,-0.0800,0
20.440,WALL_FOLLOW,8.26,12.87,5.00,5.00,5.00,-0.0800,0
20.450,WALL_FOLLOW,8.21,12.88,5.00,5.00,5.00,-0.0800,0
20.460,WALL_FOLLOW,8.17,12.89,5.00,5.00,5.00,-0.0800,0
20.470,WALL_FOLLOW,8.13,12.91,5.00,5.00,5.00,-0.0800,0
20.480,WALL_FOLLOW,8.09,12.92,5.00,5.00,5.00,-0.0800,0
20.490,WALL_FOLLOW,8.05,12.93,5.00,5.00,5.00,-0.0800,0
20.500,WALL_FOLLOW,8.01,12.94,5.00,5.00,5.00,-0.0800,0
20.510,WALL_FOLLOW,7.96,12.95,5.00,5.00,5.00,-0.0800,0
20.520,WALL_FOLLOW,7.92,12.97,5.00,5.00,5.00,-0.0800,0
20.530,WALL_FOLLOW,7.88,12.98,5.00,5.00,5.00,-0.0800,0
20.540,WALL_FOLLOW,7.84,12.99,5.00,5.00,5.00,-0.0800,0
20.550,WALL_FOLLOW,7.81,13.01,5.00,5.00,5.00,-0.0800,0
20.560,WALL_FOLLOW,7.77,13.02,5.00,5.00,5.00,-0.0800,0
20.570,WALL_FOLLOW,7.73,13.03,5.00,5.00,5.00,-0.0800,0
20.580,WALL_FOLLOW,7.69,13.05,5.00,5.00,5.00,-0.0800,0
20.590,WALL_FOLLOW,7.65,13.06,5.00,5.00,5.00,-0.0800,0
20.600,WALL_FOLLOW,7.61,13.07,5.00,5.00,5.00,-0.0800,0
20.610,WALL_FOLLOW,7.57,13.09,5.00,5.00,5.00,-0.0800,0
20.620,WALL_FOLLOW,7.53,13.10,5.00,5.00,5.00,-0.0800,0
20.630,WALL_FOLLOW,7.49,13.11,5.00,5.00,5.00,-0.0800,0
20.640,WALL_FOLLOW,7.45,13.13,5.00,5.00,5.00,-0.0800,0
20.650,WALL_FOLLOW,7.42,13.14,5.00,5.00,5.00,-0.0800,0
20.660,WALL_FOLLOW,7.38,13.15,5.00,5.00,5.00,-0.0800,0
20.670,WALL_FOLLOW,7.34,13.17,5.00,5.00,5.00,-0.0800,0
20.680,WALL_FOLLOW,7.30,13.18,5.00,5.00,5.00,-0.0800,0
20.690,WALL_FOLLOW,7.26,13.19,5.00,5.00,5.00,-0.0800,0
20.700,WALL_FOLLOW,7.22,13.21,5.00,5.00,5.00,-0.0800,0
20.710,WALL_FOLLOW,7.18,13.22,5.00,5.00,5.00,-0.0800,0
20.720,WALL_FOLLOW,7.15,13.23,5.00,5.00,5.00,-0.0800,0
20.730,WALL_FOLLOW,7.11,13.25,5.00,5.00,5.00,-0.0800,0
20.740,WALL_FOLLOW,7.07,13.26,5.00,5.00,5.00,-0.0800,0
20.750,WALL_FOLLOW,7.03,13.28,5.00,5.00,5.00,-0.0800,0
20.760,WALL_FOLLOW,6.99,13.29,5.00,5.00,5.00,-0.0800,0
20.770,WALL_FOLLOW,6.95,13.30,5.00,5.00,5.00,-0.0800,0
20.780,WALL_FOLLOW,6.91,13.32,5.00,5.00,4.98,-0.0800,0
20.790,WALL_FOLLOW,6.87,13.33,5.00,5.00,4.97,-0.0800,0
20.800,WALL_FOLLOW,6.84,13.32,5.00,5.00,5.00,-0.0800,0
20.810,WALL_FOLLOW,6.80,13.33,5.00,5.00,5.00,-0.0800,0
20.820,WALL_FOLLOW,6.76,13.37,5.00,5.00,5.00,-0.0800,0
20.830,WALL_FOLLOW,6.72,13.36,5.00,5.00,5.00,-0.0800,0
20.840,WALL_FOLLOW,6.68,13.30,5.00,5.00,5.00,-0.0800,0
20.850,WALL_FOLLOW,6.64,13.31,5.00,5.00,5.00,-0.0800,0
20.860,WALL_FOLLOW,6.60,13.39,5.00,5.00,5.00,-0.0800,0
20.870,WALL_FOLLOW,6.56,13.35,5.00,5.00,5.00,-0.0800,0
20.880,WALL_FOLLOW,6.53,13.28,5.00,5.00,5.00,-0.0800,0
20.890,WALL_FOLLOW,6.49,13.30,5.00,5.00,5.00,-0.0800,0
20.900,WALL_FOLLOW,6.45,13.40,5.00,5.00,5.00,-0.0800,0
20.910,WALL_FOLLOW,6.41,13.35,5.00,5.00,5.00,-0.0800,0
20.920,WALL_FOLLOW,6.37,13.27,5.00,5.00,5.00,-0.0800,0
20.930,WALL_FOLLOW,6.33,13.29,5.00,5.00,5.00,-0.0800,0
20.940,WALL_FOLLOW,6.29,13.41,5.00,5.00,5.00,-0.0800,0
20.950,WALL_FOLLOW,6.26,13.35,5.00,5.00,5.00,-0.0800,0
20.960,WALL_FOLLOW,6.22,13.27,5.00,5.00,5.00,-0.0800,0
20.970,WALL_FOLLOW,6.18,13.28,5.00,5.00,5.00,-0.0800,0
20.980,WALL_FOLLOW,6.14,13.42,5.00,5.00,5.00,-0.0800,0
20.990,WALL_FOLLOW,6.10,13.36,5.00,5.00,5.00,-0.0800,0
21.000,WALL_FOLLOW,6.06,13.26,5.00,5.00,5.00,-0.0800,0
21.010,WALL_FOLLOW,6.03,13.29,5.00,5.00,5.00,-0.0800,0
21.020,WALL_FOLLOW,5.99,13.44,5.00,5.00,5.00,-0.0800,0
21.030,WALL_FOLLOW,5.95,13.37,5.00,5.00,5.00,-0.0800,0
21.040,WALL_FOLLOW,5.91,13.27,5.00,5.00,5.00,-0.0800,0
21.050,WALL_FOLLOW,5.87,13.29,5.00,5.00,5.00,-0.0800,0
21.060,WALL_FOLLOW,5.84,13.46,5.00,5.00,5.00,-0.0800,0
21.070,WALL_FOLLOW,5.80,13.38,5.00,5.00,5.00,-0.0800,0
21.080,WALL_FOLLOW,5.76,13.28,5.00,5.00,5.00,-0.0800,0
21.090,WALL_FOLLOW,5.72,13.30,5.00,5.00,5.00,-0.0800,0
21.100,WALL_FOLLOW,5.68,13.49,5.00,5.00,5.00,-0.0800,0
21.110,WALL_FOLLOW,5.65,13.40,5.00,5.00,5.00,-0.0800,0
21.120,WALL_FOLLOW,5.61,13.29,5.00,5.00,5.00,-0.0800,0
21.130,WALL_FOLLOW,5.58,13.31,5.00,5.00,5.00,-0.0800,0
21.140,WALL_FOLLOW,5.55,13.52,5.00,5.00,5.00,-0.0800,0
21.150,WALL_FOLLOW,5.52,13.43,5.00,5.00,5.00,-0.0800,0
21.160,WALL_FOLLOW,5.54,13.33,5.00,5.00,5.00,-0.0800,0
21.170,WALL_FOLLOW,5.47,13.32,5.00,5.00,5.00,-0.0800,0
21.180,WALL_FOLLOW,5.44,13.56,5.00,5.00,5.00,-0.0800,0
21.190,WALL_FOLLOW,5.41,13.45,5.00,5.00,5.00,-0.0800,0
21.200,WALL_FOLLOW,5.38,13.35,5.00,5.00,5.00,-0.0800,0
21.210,WALL_FOLLOW,5.38,13.33,5.00,5.00,5.00,-0.0800,0
21.220,WALL_FOLLOW,5.39,13.60,5.00,5.00,5.00,-0.0800,0
21.230,WALL_FOLLOW,5.48,13.49,5.00,5.00,5.00,-0.0800,0
21.240,WALL_FOLLOW,5.57,13.38,5.00,5.00,5.00,-0.0800,0
21.250,WALL_FOLLOW,5.68,13.35,5.00,5.00,5.00,-0.0800,0
21.260,WALL_FOLLOW,5.82,13.64,5.00,5.00,5.00,-0.0800,0
21.270,WALL_FOLLOW,5.98,13.53,5.00,5.00,5.00,-0.0800,0
21.280,WALL_FOLLOW,6.14,13.42,5.00,5.00,5.00,-0.0800,0
21.290,WALL_FOLLOW,6.31,13.36,5.00,5.00,5.00,-0.0800,0
21.300,WALL_FOLLOW,6.48,14.19,5.00,5.00,5.00,-0.0800,0
21.310,WALL_FOLLOW,6.66,14.21,5.00,5.00,5.00,-0.0800,0
21.320,WALL_FOLLOW,6.84,14.22,5.00,5.00,5.00,-0.0800,0
21.330,WALL_FOLLOW,7.02,14.24,5.00,5.00,5.00,-0.0800,0
21.340,WALL_FOLLOW,7.21,14.26,5.00,5.00,5.00,-0.0800,0
21.350,WALL_FOLLOW,7.40,14.22,5.00,5.00,5.00,-0.0800,0
21.360,WALL_FOLLOW,7.60,14.24,5.00,5.00,5.00,-0.0800,0
21.370,WALL_FOLLOW,7.80,14.26,5.00,5.00,5.00,-0.0800,0
21.380,WALL_FOLLOW,8.00,14.27,5.00,5.00,5.00,-0.0800,0
21.390,WALL_FOLLOW,8.21,14.29,5.00,5.00,5.00,-0.0800,0
21.400,WALL_FOLLOW,8.43,14.31,5.00,5.00,5.00,-0.0800,0
21.410,WALL_FOLLOW,8.64,14.33,5.00,5.00,5.00,-0.0800,0
21.420,WALL_FOLLOW,8.87,14.35,5.00,5.00,5.00,-0.0800,0
21.430,WALL_FOLLOW,9.10,14.36,5.00,5.00,5.00,-0.0800,0
21.440,WALL_FOLLOW,9.33,14.38,5.00,5.00,5.00,-0.0800,0
21.450,WALL_FOLLOW,9.57,14.40,5.00,5.00,5.00,-0.0800,0
21.460,WALL_FOLLOW,9.82,14.42,5.00,5.00,5.00,-0.0800,0
21.470,WALL_FOLLOW,10.07,14.44,5.00,5.00,5.00,-0.0800,0
21.480,WALL_FOLLOW,10.33,14.46,5.00,5.00,5.00,-0.0800,0
21.490,WALL_FOLLOW,10.59,14.48,5.00,5.00,5.00,-0.0800,0
21.500,WALL_FOLLOW,10.86,14.49,5.00,5.00,5.00,-0.0800,0
21.510,WALL_FOLLOW,11.14,14.51,5.00,5.00,5.00,-0.0800,0
21.520,WALL_FOLLOW,11.42,14.53,5.00,5.00,5.00,-0.0800,0
21.530,WALL_FOLLOW,11.72,14.55,5.00,5.00,5.00,-0.0800,0
21.540,WALL_FOLLOW,12.02,14.57,5.00,5.00,5.00,-0.0800,0
21.550,WALL_FOLLOW,12.33,14.59,5.00,5.00,5.00,-0.0800,0
21.560,WALL_FOLLOW,99.00,14.61,5.00,5.00,5.00,-0.0800,0
21.570,WALL_FOLLOW,99.00,14.63,5.00,5.00,5.00,-0.0800,0
21.580,WALL_FOLLOW,99.00,14.65,5.00,5.00,5.00,-0.0800,0
21.590,WALL_FOLLOW,99.00,14.67,5.00,5.00,5.00,-0.0800,0
21.600,WALL_FOLLOW,99.00,14.69,5.00,5.00,5.00,-0.0800,0
21.610,WALL_FOLLOW,99.00,5.16,5.00,5.00,5.00,-0.0800,0
21.620,WALL_FOLLOW,99.00,5.03,5.00,5.00,5.00,-0.0800,0
21.630,WALL_FOLLOW,99.00,4.95,5.00,5.00,5.00,-0.0800,0
21.640,WALL_FOLLOW,99.00,4.88,5.00,5.00,5.00,-0.0800,0
21.650,WALL_FOLLOW,99.00,4.81,5.00,5.00,5.00,-0.0800,0
21.660,WALL_FOLLOW,99.00,4.74,5.00,5.00,5.00,-0.0800,0
21.670,WALL_FOLLOW,99.00,4.67,5.00,5.00,5.00,-0.0800,0
21.680,WALL_FOLLOW,99.00,4.60,5.00,5.00,5.00,-0.0800,0
21.690,WALL_FOLLOW,99.00,4.53,5.00,5.00,5.00,-0.0800,0
21.700,WALL_FOLLOW,99.00,4.46,5.00,5.00,5.00,0.1564,1
21.710,WALL_FOLLOW,99.00,4.40,5.00,5.00,5.00,0.1504,1
21.720,WALL_FOLLOW,99.00,4.34,5.00,5.00,5.00,0.1445,1
21.730,WALL_FOLLOW,99.00,4.29,5.00,5.00,5.00,0.1387,1
21.740,WALL_FOLLOW,99.00,4.23,5.00,5.00,5.00,0.1330,1
21.750,WALL_FOLLOW,99.00,4.17,5.00,5.00,5.00,0.1272,1
21.760,WALL_FOLLOW,99.00,4.12,5.00,5.00,5.00,0.1215,1
21.770,WALL_FOLLOW,99.00,4.06,5.00,5.00,5.00,0.1158,1
21.780,WALL_FOLLOW,99.00,4.00,5.00,5.00,5.00,0.1102,1
21.790,WALL_FOLLOW,99.00,3.95,5.00,5.00,5.00,0.1045,1
21.800,WALL_FOLLOW,99.00,3.89,5.00,5.00,5.00,0.0989,1
21.810,WALL_FOLLOW,99.00,3.83,5.00,5.00,5.00,0.0933,1
21.820,WALL_FOLLOW,99.00,3.78,5.00,5.00,5.00,0.0877,1
21.830,WALL_FOLLOW,99.00,3.72,5.00,5.00,5.00,0.0820,1
21.840,WALL_FOLLOW,99.00,3.66,5.00,5.00,5.00,0.0765,1
21.850,WALL_FOLLOW,99.00,3.61,5.00,5.00,5.00,0.0709,1
21.860,WALL_FOLLOW,99.00,3.55,5.00,5.00,5.00,0.0653,1
21.870,WALL_FOLLOW,99.00,3.50,5.00,5.00,5.00,0.0597,1
21.880,WALL_FOLLOW,99.00,3.44,5.00,5.00,5.00,0.0542,1
21.890,WALL_FOLLOW,99.00,3.39,5.00,5.00,5.00,0.0489,1
21.900,WALL_FOLLOW,99.00,3.34,5.00,5.00,5.00,0.0441,1
21.910,WALL_FOLLOW,99.00,3.29,5.00,5.00,5.00,0.0392,1
21.920,WALL_FOLLOW,99.00,3.24,5.00,5.00,5.00,0.0344,1
21.930,WALL_FOLLOW,99.00,3.20,5.00,5.00,5.00,0.0296,1
21.940,WALL_FOLLOW,99.00,3.15,5.00,5.00,5.00,0.0247,1
21.950,WALL_FOLLOW,99.00,3.10,5.00,5.00,5.00,0.0199,1
21.960,WALL_FOLLOW,99.00,3.05,5.00,5.00,5.00,0.0151,1
21.970,WALL_FOLLOW,99.00,3.00,5.00,5.00,5.00,0.0103,1
21.980,WALL_FOLLOW,99.00,2.95,5.00,5.00,5.00,0.0054,1
21.990,WALL_FOLLOW,99.00,2.91,5.00,5.00,5.00,0.0006,1
22.000,WALL_FOLLOW,99.00,2.86,5.00,5.00,5.00,-0.0041,1
22.010,WALL_FOLLOW,99.00,2.81,5.00,5.00,5.00,-0.0086,1
22.020,WALL_FOLLOW,99.00,2.77,5.00,5.00,5.00,-0.0128,1
22.040,RECENTER,99.00,2.72,5.00,5.00,5.00,0.1000,0
22.050,RECENTER,99.00,2.71,5.00,5.00,5.00,0.1000,0
22.060,RECENTER,99.00,2.69,5.00,5.00,5.00,0.1000,0
22.070,RECENTER,99.00,2.63,5.00,5.00,5.00,0.1000,0
22.080,RECENTER,99.00,2.61,5.00,5.00,5.00,0.1000,0
22.090,RECENTER,99.00,2.61,5.00,5.00,5.00,0.1000,0
22.100,RECENTER,99.00,2.58,5.00,5.00,5.00,0.1000,0
22.110,RECENTER,99.00,2.55,5.00,5.00,5.00,0.1000,0
22.120,RECENTER,99.00,2.53,5.00,5.00,5.00,0.1000,0
22.130,RECENTER,99.00,2.52,5.00,5.00,5.00,0.1000,0
22.140,RECENTER,99.00,2.50,5.00,5.00,5.00,0.1000,0
22.150,RECENTER,99.00,2.47,5.00,5.00,5.00,0.1000,0
22.160,RECENTER,99.00,2.44,5.00,5.00,5.00,0.1000,0
22.170,RECENTER,99.00,2.41,5.00,5.00,5.00,0.1000,0
22.180,RECENTER,99.00,2.40,5.00,5.00,5.00,0.1000,0
22.190,RECENTER,99.00,2.39,5.00,5.00,5.00,0.1000,0
22.200,RECENTER,99.00,2.36,5.00,5.00,5.00,0.1000,0
22.210,RECENTER,99.00,2.34,5.00,5.00,5.00,0.1000,0
22.220,RECENTER,99.00,2.32,5.00,5.00,0.09,0.1000,0
22.230,RECENTER,99.00,2.30,5.00,5.00,0.31,0.1000,0
22.240,RECENTER,99.00,2.28,5.00,5.00,0.49,0.1000,0
22.250,RECENTER,99.00,2.26,5.00,5.00,0.64,0.1000,0
22.260,RECENTER,99.00,2.24,5.00,5.00,0.77,0.1000,0
22.270,RECENTER,99.00,2.23,5.00,5.00,0.86,0.1000,0
22.280,RECENTER,99.00,2.21,5.00,5.00,0.93,0.1000,0
22.290,RECENTER,99.00,2.20,5.00,5.00,0.97,0.1000,0
22.300,RECENTER,99.00,2.18,5.00,5.00,0.99,0.1000,0
22.310,RECENTER,99.00,2.17,5.00,5.00,0.98,0.1000,0
22.320,RECENTER,99.00,2.16,5.00,5.00,0.95,0.1000,0
22.330,RECENTER,99.00,2.15,5.00,5.00,0.89,0.1000,0
22.340,RECENTER,99.00,2.14,5.00,5.00,0.81,0.1000,0
22.350,RECENTER,99.00,2.13,5.00,5.00,0.71,0.1000,0
22.360,RECENTER,99.00,2.12,5.00,5.00,0.57,0.1000,0
22.370,RECENTER,99.00,2.12,5.00,5.00,0.38,0.1000,0
22.380,RECENTER,99.00,2.11,5.00,5.00,0.15,0.1000,0
22.390,RECENTER,99.00,2.11,5.00,5.00,5.00,0.1000,0
22.400,RECENTER,99.00,2.12,5.00,5.00,5.00,0.1000,0
22.410,RECENTER,99.00,2.13,5.00,5.00,5.00,0.1000,0
22.420,RECENTER,99.00,2.13,5.00,5.00,5.00,0.1000,0
22.430,RECENTER,99.00,2.14,5.00,5.00,5.00,0.1000,0
22.440,RECENTER,99.00,2.15,5.00,5.00,5.00,0.1000,0
22.450,RECENTER,99.00,2.14,5.00,5.00,5.00,0.1000,0
22.460,RECENTER,99.00,2.15,5.00,5.00,5.00,0.1000,0
22.470,RECENTER,99.00,2.15,5.00,5.00,5.00,0.1000,0
22.480,RECENTER,99.00,2.16,5.00,5.00,5.00,0.1000,0
22.490,RECENTER,99.00,2.16,5.00,5.00,5.00,0.1000,0
22.500,RECENTER,99.00,2.17,5.00,5.00,5.00,0.1000,0
22.510,RECENTER,99.00,2.17,5.00,5.00,5.00,0.1000,0
22.520,RECENTER,99.00,2.18,5.00,5.00,5.00,0.1000,0
22.530,RECENTER,99.00,2.18,5.00,5.00,5.00,0.1000,0
22.540,RECENTER,99.00,2.18,5.00,5.00,5.00,0.1000,0
22.550,RECENTER,99.00,2.19,5.00,5.00,5.00,0.1000,0
22.560,RECENTER,99.00,2.19,5.00,5.00,5.00,0.1000,0
22.570,RECENTER,99.00,2.20,5.00,5.00,5.00,0.1000,0
22.580,RECENTER,16.47,2.20,5.00,5.00,5.00,0.1000,0
22.590,RECENTER,16.51,2.20,5.00,5.00,5.00,0.1000,0
22.600,RECENTER,16.54,2.21,5.00,5.00,5.00,0.1000,0
22.610,RECENTER,16.58,2.21,5.00,5.00,5.00,0.1000,0
22.620,RECENTER,16.63,2.21,5.00,5.00,5.00,0.1000,0
22.630,RECENTER,16.67,2.22,5.00,5.00,5.00,0.1000,0
22.640,RECENTER,16.72,2.22,5.00,5.00,5.00,0.1000,0
22.650,RECENTER,16.76,2.22,5.00,5.00,5.00,0.1000,0
22.660,RECENTER,16.81,2.22,5.00,5.00,5.00,0.1000,0
22.670,RECENTER,16.86,2.23,5.00,5.00,5.00,0.1000,0
22.680,RECENTER,16.92,2.23,5.00,5.00,5.00,0.1000,0
22.690,RECENTER,99.00,2.23,5.00,5.00,5.00,0.1000,0
22.700,RECENTER,99.00,2.23,5.00,5.00,5.00,0.1000,0
22.710,RECENTER,99.00,2.24,5.00,5.00,5.00,0.1000,0
22.720,RECENTER,99.00,2.24,5.00,5.00,5.00,0.1000,0
22.730,RECENTER,99.00,2.24,5.00,5.00,5.00,0.1000,0
22.740,RECENTER,99.00,2.24,5.00,5.00,5.00,0.1000,0
22.750,RECENTER,99.00,2.24,5.00,5.00,5.00,0.1000,0
22.760,RECENTER,99.00,2.25,5.00,5.00,5.00,0.1000,0
22.770,RECENTER,99.00,2.25,5.00,5.00,5.00,0.1000,0
22.780,RECENTER,99.00,2.25,3.29,5.00,5.00,0.1000,0
22.790,RECENTER,99.00,2.25,3.01,5.00,5.00,0.1000,0
22.800,RECENTER,99.00,2.25,2.72,5.00,5.00,0.1000,0
22.810,RECENTER,99.00,2.25,2.42,5.00,5.00,0.1000,0
22.820,RECENTER,99.00,2.26,2.12,5.00,5.00,0.1000,0
22.830,RECENTER,99.00,2.26,1.81,5.00,5.00,0.1000,0
22.840,RECENTER,99.00,2.26,1.49,5.00,5.00,0.1000,0
22.850,RECENTER,99.00,2.26,1.16,5.00,5.00,0.1000,0
22.860,RECENTER,99.00,2.27,0.84,5.00,5.00,0.1000,0
22.870,RECENTER,99.00,2.26,0.85,5.00,5.00,0.1000,0
22.880,RECENTER,99.00,2.26,0.86,5.00,5.00,0.1000,0
22.890,RECENTER,99.00,2.26,0.86,5.00,5.00,0.1000,0
22.900,RECENTER,99.00,2.26,0.87,5.00,5.00,0.1000,0
22.910,RECENTER,99.00,2.26,0.87,5.00,5.00,0.1000,0
22.920,RECENTER,99.00,2.26,0.88,5.00,5.00,0.1000,0
22.930,RECENTER,99.00,2.26,0.88,5.00,5.00,0.1000,0
22.940,RECENTER,99.00,2.26,0.89,5.00,5.00,0.1000,0
22.950,RECENTER,99.00,2.26,0.89,5.00,5.00,0.1000,0
22.960,RECENTER,99.00,2.26,0.90,5.00,5.00,0.1000,0
22.970,RECENTER,99.00,2.26,0.90,5.00,5.00,0.1000,0
22.980,RECENTER,99.00,2.26,0.91,5.00,5.00,0.1000,0
22.990,RECENTER,99.00,2.26,0.91,5.00,5.00,0.1000,0
23.000,RECENTER,99.00,2.26,0.92,5.00,5.00,0.1000,0
23.010,RECENTER,99.00,2.26,0.92,5.00,5.00,0.1000,0
23.020,RECENTER,99.00,2.26,0.93,5.00,5.00,0.1000,0
23.030,RECENTER,99.00,2.26,0.93,3.37,5.00,0.1000,0
23.040,RECENTER,99.00,2.26,0.93,2.99,5.00,0.1000,0
23.050,RECENTER,99.00,2.26,0.94,2.58,5.00,0.1000,0
23.060,RECENTER,99.00,2.26,0.94,2.17,5.00,0.1000,0
23.070,RECENTER,99.00,2.25,0.95,1.74,5.00,0.1000,0
23.080,RECENTER,99.00,2.25,0.95,1.30,5.00,0.1000,0
23.090,RECENTER,99.00,2.25,0.95,0.85,5.00,0.1000,0
23.100,RECENTER,99.00,2.25,0.96,0.82,5.00,0.1000,0
23.110,RECENTER,99.00,2.25,0.96,0.83,5.00,0.1000,0
23.120,RECENTER,99.00,2.25,0.96,0.84,5.00,0.1000,0
23.130,RECENTER,99.00,2.25,0.97,0.84,5.00,0.1000,0
23.140,RECENTER,99.00,2.24,0.97,0.85,5.00,0.1000,0
23.150,RECENTER,99.00,2.24,0.97,0.85,5.00,0.1000,0
23.160,RECENTER,99.00,2.24,0.98,0.86,5.00,0.1000,0
23.170,RECENTER,99.00,2.24,0.98,0.86,5.00,0.1000,0
23.180,RECENTER,99.00,2.23,0.98,0.87,5.00,0.1000,0
23.190,RECENTER,99.00,2.23,0.99,0.87,5.00,0.1000,0
23.200,RECENTER,99.00,2.23,0.99,0.88,5.00,0.1000,0
23.210,RECENTER,99.00,2.23,0.99,0.88,5.00,0.1000,0
36.600,WALL_FOLLOW,14.34,11.85,5.00,5.00,5.00,-0.0800,0
36.610,WALL_FOLLOW,14.26,11.85,5.00,5.00,5.00,-0.0800,0
36.620,WALL_FOLLOW,14.18,11.84,5.00,5.00,5.00,-0.0800,0
36.630,WALL_FOLLOW,14.09,11.84,5.00,5.00,5.00,-0.0800,0
36.640,WALL_FOLLOW,14.01,11.84,5.00,5.00,5.00,-0.0800,0
36.650,WALL_FOLLOW,13.93,11.84,5.00,5.00,5.00,-0.0800,0
36.660,WALL_FOLLOW,13.85,11.84,5.00,5.00,5.00,-0.0800,0
36.670,WALL_FOLLOW,13.77,11.84,5.00,5.00,5.00,-0.0800,0
36.680,WALL_FOLLOW,13.69,11.83,5.00,5.00,5.00,-0.0800,0
36.690,WALL_FOLLOW,13.61,11.84,5.00,5.00,5.00,-0.0800,0
36.700,WALL_FOLLOW,13.53,11.84,5.00,5.00,5.00,-0.0800,0
36.710,WALL_FOLLOW,13.45,11.84,5.00,5.00,5.00,-0.0800,0
36.720,WALL_FOLLOW,13.37,11.85,5.00,5.00,5.00,-0.0800,0
36.730,WALL_FOLLOW,13.29,11.85,5.00,5.00,5.00,-0.0800,0
36.740,WALL_FOLLOW,13.21,11.86,5.00,5.00,5.00,-0.0800,0
36.750,WALL_FOLLOW,13.13,11.87,5.00,5.00,5.00,-0.0800,0
36.760,WALL_FOLLOW,13.06,11.87,5.00,5.00,5.00,-0.0800,0
36.770,WALL_FOLLOW,12.98,11.88,5.00,5.00,5.00,-0.0800,0
36.780,WALL_FOLLOW,12.90,11.89,5.00,5.00,5.00,-0.0800,0
36.790,WALL_FOLLOW,12.82,11.90,5.00,5.00,5.00,-0.0800,0
36.800,WALL_FOLLOW,12.75,11.90,5.00,5.00,5.00,-0.0800,0
36.810,WALL_FOLLOW,12.68,11.91,5.00,5.00,5.00,-0.0800,0
36.820,WALL_FOLLOW,12.60,11.92,5.00,5.00,5.00,-0.0800,0
36.830,WALL_FOLLOW,12.53,11.93,5.00,5.00,5.00,-0.0800,0
36.840,WALL_FOLLOW,12.45,11.94,5.00,5.00,5.00,-0.0800,0
36.850,WALL_FOLLOW,12.38,11.95,5.00,5.00,5.00,-0.0800,0
36.860,WALL_FOLLOW,12.31,11.96,5.00,5.00,5.00,-0.0800,0
36.870,WALL_FOLLOW,12.24,11.97,5.00,5.00,5.00,-0.0800,0
36.880,WALL_FOLLOW,12.16,11.98,5.00,5.00,5.00,-0.0800,0
36.890,WALL_FOLLOW,12.09,11.99,5.00,5.00,5.00,-0.0800,0
36.900,WALL_FOLLOW,12.02,12.00,5.00,5.00,5.00,-0.0800,0
36.910,WALL_FOLLOW,11.95,12.01,5.00,5.00,5.00,-0.0800,0
36.920,WALL_FOLLOW,11.88,12.02,5.00,5.00,5.00,-0.0800,0
36.930,WALL_FOLLOW,11.81,12.03,5.00,5.00,5.00,-0.0800,0
36.940,WALL_FOLLOW,11.74,12.04,5.00,5.00,5.00,-0.0800,0
36.950,WALL_FOLLOW,11.67,12.05,5.00,5.00,5.00,-0.0800,0
36.960,WALL_FOLLOW,11.60,12.06,5.00,5.00,5.00,-0.0800,0
36.970,WALL_FOLLOW,11.54,12.07,5.00,5.00,5.00,-0.0800,0
36.980,WALL_FOLLOW,11.47,12.08,5.00,5.00,5.00,-0.0800,0
36.990,WALL_FOLLOW,11.40,12.09,5.00,5.00,5.00,-0.0800,0
37.000,WALL_FOLLOW,11.33,12.11,5.00,5.00,5.00,-0.0800,0
37.010,WALL_FOLLOW,11.27,12.12,5.00,5.00,5.00,-0.0800,0
37.020,WALL_FOLLOW,11.20,12.13,5.00,5.00,5.00,-0.0800,0
37.030,WALL_FOLLOW,11.13,12.14,5.00,5.00,5.00,-0.0800,0
37.040,WALL_FOLLOW,11.07,12.15,5.00,5.00,5.00,-0.0800,0
37.050,WALL_FOLLOW,11.00,12.16,5.00,5.00,5.00,-0.0800,0
37.060,WALL_FOLLOW,10.94,12.17,5.00,5.00,5.00,-0.0800,0
37.070,WALL_FOLLOW,10.88,12.18,5.00,5.00,5.00,-0.0800,0
37.080,WALL_FOLLOW,10.81,12.20,5.00,5.00,5.00,-0.0800,0
37.090,WALL_FOLLOW,10.75,12.21,5.00,5.00,5.00,-0.0800,0
37.100,WALL_FOLLOW,10.69,12.22,5.00,5.00,5.00,-0.0800,0
37.110,WALL_FOLLOW,10.62,12.23,5.00,5.00,5.00,-0.0800,0
37.120,WALL_FOLLOW,10.56,12.24,5.00,5.00,5.00,-0.0800,0
37.130,WALL_FOLLOW,10.50,12.26,5.00,5.00,5.00,-0.0800,0
37.140,WALL_FOLLOW,10.44,12.27,5.00,5.00,5.00,-0.0800,0
37.150,WALL_FOLLOW,10.38,12.28,5.00,5.00,5.00,-0.0800,0
37.160,WALL_FOLLOW,10.32,12.29,5.00,5.00,5.00,-0.0800,0
37.170,WALL_FOLLOW,10.26,12.30,5.00,5.00,5.00,-0.0800,0
37.180,WALL_FOLLOW,10.20,12.32,5.00,5.00,5.00,-0.0800,0
37.190,WALL_FOLLOW,10.14,12.33,5.00,5.00,5.00,-0.0800,0
37.200,WALL_FOLLOW,10.08,12.34,5.00,5.00,5.00,-0.0800,0
37.210,WALL_FOLLOW,10.02,12.35,5.00,5.00,5.00,-0.0800,0
37.220,WALL_FOLLOW,9.96,12.37,5.00,5.00,5.00,-0.0800,0
37.230,WALL_FOLLOW,9.90,12.38,5.00,5.00,5.00,-0.0800,0
37.240,WALL_FOLLOW,9.85,12.39,5.00,5.00,5.00,-0.0800,0
37.250,WALL_FOLLOW,9.79,12.40,5.00,5.00,5.00,-0.0800,0
37.260,WALL_FOLLOW,9.73,12.41,5.00,5.00,5.00,-0.0800,0
37.270,WALL_FOLLOW,9.68,12.43,5.00,5.00,5.00,-0.0800,0
37.280,WALL_FOLLOW,9.62,12.44,5.00,5.00,5.00,-0.0800,0
37.290,WALL_FOLLOW,9.56,12.45,5.00,5.00,5.00,-0.0800,0
37.300,WALL_FOLLOW,9.51,12.46,5.00,5.00,5.00,-0.0800,0
37.310,WALL_FOLLOW,9.46,12.48,5.00,5.00,5.00,-0.0800,0
37.320,WALL_FOLLOW,9.40,12.49,5.00,5.00,5.00,-0.0800,0
37.330,WALL_FOLLOW,9.35,12.50,5.00,5.00,5.00,-0.0800,0
37.340,WALL_FOLLOW,9.29,12.51,5.00,5.00,5.00,-0.0800,0
37.350,WALL_FOLLOW,9.24,12.53,5.00,5.00,5.00,-0.0800,0
37.360,WALL_FOLLOW,9.19,12.54,5.00,5.00,5.00,-0.0800,0
37.370,WALL_FOLLOW,9.14,12.55,5.00,5.00,5.00,-0.0800,0
37.380,WALL_FOLLOW,9.09,12.57,5.00,5.00,5.00,-0.0800,0
37.390,WALL_FOLLOW,9.03,12.58,5.00,5.00,5.00,-0.0800,0
37.400,WALL_FOLLOW,8.98,12.59,5.00,5.00,5.00,-0.0800,0
37.410,WALL_FOLLOW,8.93,12.60,5.00,5.00,5.00,-0.0800,0
37.420,WALL_FOLLOW,8.88,12.62,5.00,5.00,5.00,-0.0800,0
37.430,WALL_FOLLOW,8.83,12.63,5.00,5.00,5.00,-0.0800,0
37.440,WALL_FOLLOW,8.79,12.64,5.00,5.00,5.00,-0.0800,0
37.450,WALL_FOLLOW,8.74,12.65,5.00,5.00,5.00,-0.0800,0
37.460,WALL_FOLLOW,8.69,12.67,5.00,5.00,5.00,-0.0800,0
37.470,WALL_FOLLOW,8.64,12.68,5.00,5.00,5.00,-0.0800,0
37.480,WALL_FOLLOW,8.59,12.69,5.00,5.00,5.00,-0.0800,0
37.490,WALL_FOLLOW,8.54,12.71,5.00,5.00,5.00,-0.0800,0
37.500,WALL_FOLLOW,8.50,12.72,5.00,5.00,5.00,-0.0800,0
37.510,WALL_FOLLOW,8.45,12.73,5.00,5.00,5.00,-0.0800,0
37.520,WALL_FOLLOW,8.41,12.74,5.00,5.00,5.00,-0.0800,0
37.530,WALL_FOLLOW,8.36,12.76,5.00,5.00,5.00,-0.0800,0
37.540,WALL_FOLLOW,8.32,12.77,5.00,5.00,5.00,-0.0800,0
37.550,WALL_FOLLOW,8.27,12.78,5.00,5.00,5.00,-0.0800,0
37.560,WALL_FOLLOW,8.23,12.79,5.00,5.00,5.00,-0.0800,0
37.570,WALL_FOLLOW,8.19,12.80,5.00,5.00,5.00,-0.0800,0
37.580,WALL_FOLLOW,8.14,12.82,5.00,5.00,5.00,-0.0800,0
37.590,WALL_FOLLOW,8.10,12.83,5.00,5.00,5.00,-0.0800,0
37.600,WALL_FOLLOW,8.06,12.84,5.00,5.00,5.00,-0.0800,0
37.610,WALL_FOLLOW,8.01,12.85,5.00,5.00,5.00,-0.0800,0
37.620,WALL_FOLLOW,7.97,12.87,5.00,5.00,5.00,-0.0800,0
37.630,WALL_FOLLOW,7.93,12.88,5.00,5.00,5.00,-0.0800,0
37.640,WALL_FOLLOW,7.89,12.89,5.00,5.00,5.00,-0.0800,0
37.650,WALL_FOLLOW,7.85,12.90,5.00,5.00,5.00,-0.0800,0
37.660,WALL_FOLLOW,7.81,12.92,5.00,5.00,5.00,-0.0800,0
37.670,WALL_FOLLOW,7.77,12.93,5.00,5.00,5.00,-0.0800,0
37.680,WALL_FOLLOW,7.73,12.94,5.00,5.00,5.00,-0.0800,0
37.690,WALL_FOLLOW,7.69,12.96,5.00,5.00,5.00,-0.0800,0
37.700,WALL_FOLLOW,7.65,12.97,5.00,5.00,5.00,-0.0800,0
37.710,WALL_FOLLOW,7.61,12.98,5.00,5.00,5.00,-0.0800,0
37.720,WALL_FOLLOW,7.57,13.00,5.00,5.00,5.00,-0.0800,0
37.730,WALL_FOLLOW,7.53,13.01,5.00,5.00,5.00,-0.0800,0
37.740,WALL_FOLLOW,7.49,13.02,5.00,5.00,5.00,-0.0800,0
37.750,WALL_FOLLOW,7.45,13.04,5.00,5.00,5.00,-0.0800,0
37.760,WALL_FOLLOW,7.41,13.05,5.00,5.00,5.00,-0.0800,0
37.770,WALL_FOLLOW,7.37,13.06,5.00,5.00,5.00,-0.0800,0
37.780,WALL_FOLLOW,7.33,13.07,5.00,5.00,5.00,-0.0800,0
37.790,WALL_FOLLOW,7.29,13.09,5.00,5.00,5.00,-0.0800,0
37.800,WALL_FOLLOW,7.25,13.10,5.00,5.00,5.00,-0.0800,0
37.810,WALL_FOLLOW,7.21,13.11,5.00,5.00,5.00,-0.0800,0
37.820,WALL_FOLLOW,7.17,13.17,5.00,5.00,5.00,-0.0800,0
37.830,WALL_FOLLOW,7.14,13.18,5.00,5.00,5.00,-0.0800,0
37.840,WALL_FOLLOW,7.10,13.16,5.00,5.00,5.00,-0.0800,0
37.850,WALL_FOLLOW,7.06,13.21,5.00,5.00,5.00,-0.0800,0
37.860,WALL_FOLLOW,7.02,13.18,5.00,5.00,5.00,-0.0800,0
37.870,WALL_FOLLOW,6.98,13.19,5.00,5.00,5.00,-0.0800,0
37.880,WALL_FOLLOW,6.94,13.25,5.00,5.00,5.00,-0.0800,0
37.890,WALL_FOLLOW,6.90,13.22,5.00,5.00,5.00,-0.0800,0
37.900,WALL_FOLLOW,6.86,13.24,5.00,5.00,5.00,-0.0800,0
37.910,WALL_FOLLOW,6.82,13.25,5.00,5.00,4.98,-0.0800,0
37.920,WALL_FOLLOW,6.78,13.26,5.00,5.00,4.97,-0.0800,0
37.930,WALL_FOLLOW,6.74,13.28,5.00,5.00,5.00,-0.0800,0
37.940,WALL_FOLLOW,6.71,13.29,5.00,5.00,5.00,-0.0800,0
37.950,WALL_FOLLOW,6.67,13.31,5.00,5.00,5.00,-0.0800,0
37.960,WALL_FOLLOW,6.63,13.32,5.00,5.00,5.00,-0.0800,0
37.970,WALL_FOLLOW,6.59,13.33,5.00,5.00,5.00,-0.0800,0
37.980,WALL_FOLLOW,6.55,13.35,5.00,5.00,5.00,-0.0800,0
37.990,WALL_FOLLOW,6.51,13.36,5.00,5.00,5.00,-0.0800,0
38.000,WALL_FOLLOW,6.47,13.38,5.00,5.00,5.00,-0.0800,0
38.010,WALL_FOLLOW,6.43,13.39,5.00,5.00,5.00,-0.0800,0
38.020,WALL_FOLLOW,6.39,13.40,5.00,5.00,5.00,-0.0800,0
38.030,WALL_FOLLOW,6.36,13.42,5.00,5.00,5.00,-0.0800,0
38.040,WALL_FOLLOW,6.32,13.43,5.00,5.00,5.00,-0.0800,0
38.050,WALL_FOLLOW,6.28,13.45,5.00,5.00,5.00,-0.0800,0
38.060,WALL_FOLLOW,6.24,13.46,5.00,5.00,5.00,-0.0800,0
38.070,WALL_FOLLOW,6.20,13.48,5.00,5.00,5.00,-0.0800,0
38.080,WALL_FOLLOW,6.16,13.49,5.00,5.00,5.00,-0.0800,0
38.090,WALL_FOLLOW,6.12,13.51,5.00,5.00,5.00,-0.0800,0
38.100,WALL_FOLLOW,6.09,13.52,5.00,5.00,5.00,-0.0800,0
38.110,WALL_FOLLOW,6.05,13.54,5.00,5.00,5.00,-0.0800,0
38.120,WALL_FOLLOW,6.01,13.55,5.00,5.00,5.00,-0.0800,0
38.130,WALL_FOLLOW,5.97,13.57,5.00,5.00,5.00,-0.0800,0
38.140,WALL_FOLLOW,5.93,13.58,5.00,5.00,5.00,-0.0800,0
38.150,WALL_FOLLOW,5.89,13.60,5.00,5.00,5.00,-0.0800,0
38.160,WALL_FOLLOW,5.85,13.61,5.00,5.00,5.00,-0.0800,0
38.170,WALL_FOLLOW,5.82,13.63,5.00,5.00,5.00,-0.0800,0
38.180,WALL_FOLLOW,5.78,13.64,5.00,5.00,5.00,-0.0800,0
38.190,WALL_FOLLOW,5.74,13.66,5.00,5.00,5.00,-0.0800,0
38.200,WALL_FOLLOW,5.70,13.68,5.00,5.00,5.00,-0.0800,0
38.210,WALL_FOLLOW,5.66,13.69,5.00,5.00,5.00,-0.0800,0
38.220,WALL_FOLLOW,5.63,13.71,5.00,5.00,5.00,-0.0800,0
38.230,WALL_FOLLOW,5.59,13.72,5.00,5.00,5.00,-0.0800,0
38.240,WALL_FOLLOW,5.55,13.74,5.00,5.00,5.00,-0.0800,0
38.250,WALL_FOLLOW,5.51,13.76,5.00,5.00,5.00,-0.0800,0
38.260,WALL_FOLLOW,5.47,13.77,5.00,5.00,5.00,-0.0800,0
38.270,WALL_FOLLOW,5.44,13.79,5.00,5.00,5.00,-0.0800,0
38.280,WALL_FOLLOW,5.40,13.80,5.00,5.00,5.00,-0.0800,0
38.290,WALL_FOLLOW,5.36,13.82,5.00,5.00,5.00,-0.0800,0
38.300,WALL_FOLLOW,5.32,13.84,5.00,5.00,5.00,-0.0800,0
38.310,WALL_FOLLOW,5.28,13.85,5.00,5.00,5.00,-0.0800,0
38.320,WALL_FOLLOW,5.25,13.87,5.00,5.00,5.00,-0.0800,0
38.330,WALL_FOLLOW,5.21,13.89,5.00,5.00,5.00,-0.0800,0
38.340,WALL_FOLLOW,5.17,13.90,5.00,5.00,5.00,-0.0800,0
38.350,WALL_FOLLOW,5.13,13.92,5.00,5.00,5.00,-0.0800,0
38.360,WALL_FOLLOW,5.09,13.94,5.00,5.00,5.00,-0.0800,0
38.370,WALL_FOLLOW,5.06,13.95,5.00,5.00,5.00,-0.0800,0
38.380,WALL_FOLLOW,5.02,13.97,5.00,5.00,5.00,-0.0800,0
38.390,WALL_FOLLOW,4.98,13.99,5.00,5.00,5.00,-0.0800,0
38.400,WALL_FOLLOW,4.95,14.01,5.00,5.00,5.00,-0.0800,0
38.410,WALL_FOLLOW,4.92,14.02,5.00,5.00,5.00,-0.0800,0
38.420,WALL_FOLLOW,4.89,14.04,5.00,5.00,5.00,-0.0800,0
38.430,WALL_FOLLOW,4.91,14.06,5.00,5.00,5.00,-0.0800,0
38.440,WALL_FOLLOW,4.88,14.07,5.00,5.00,5.00,-0.0800,0
38.450,WALL_FOLLOW,4.81,14.09,5.00,5.00,5.00,-0.0800,0
38.460,WALL_FOLLOW,4.78,14.11,5.00,5.00,5.00,-0.0800,0
38.470,WALL_FOLLOW,4.76,14.13,5.00,5.00,5.00,-0.0800,0
38.480,WALL_FOLLOW,4.74,14.15,5.00,5.00,5.00,-0.0800,0
38.490,WALL_FOLLOW,4.75,14.16,5.00,5.00,5.00,-0.0800,0
38.500,WALL_FOLLOW,4.81,14.18,5.00,5.00,5.00,-0.0800,0
38.510,WALL_FOLLOW,4.92,14.20,5.00,5.00,5.00,-0.0800,0
38.520,WALL_FOLLOW,5.03,14.22,5.00,5.00,5.00,-0.0800,0
38.530,WALL_FOLLOW,5.19,14.23,5.00,5.00,5.00,-0.0800,0
38.540,WALL_FOLLOW,5.37,14.25,5.00,5.00,5.00,-0.0800,0
38.550,WALL_FOLLOW,5.56,14.27,5.00,5.00,5.00,-0.0800,0
38.560,WALL_FOLLOW,5.75,14.29,5.00,5.00,5.00,-0.0800,0
38.570,WALL_FOLLOW,5.95,14.31,5.00,5.00,5.00,-0.0800,0
38.580,WALL_FOLLOW,6.16,14.32,5.00,5.00,5.00,-0.0800,0
38.590,WALL_FOLLOW,6.37,14.34,5.00,5.00,5.00,-0.0800,0
38.600,WALL_FOLLOW,6.58,14.36,5.00,5.00,5.00,-0.0800,0
38.610,WALL_FOLLOW,6.80,14.38,5.00,5.00,5.00,-0.0800,0
38.620,WALL_FOLLOW,7.03,14.40,5.00,5.00,5.00,-0.0800,0
38.630,WALL_FOLLOW,7.26,14.42,5.00,5.00,5.00,-0.0800,0
38.640,WALL_FOLLOW,7.49,14.44,5.00,5.00,5.00,-0.0800,0
38.650,WALL_FOLLOW,7.74,14.46,5.00,5.00,5.00,-0.0800,0
38.660,WALL_FOLLOW,7.99,14.47,5.00,5.00,5.00,-0.0800,0
38.670,WALL_FOLLOW,8.25,14.49,5.00,5.00,5.00,-0.0800,0
38.680,WALL_FOLLOW,8.51,14.51,5.00,5.00,5.00,-0.0800,0
38.690,WALL_FOLLOW,8.78,14.53,5.00,5.00,5.00,-0.0800,0
38.700,WALL_FOLLOW,9.06,14.55,5.00,5.00,5.00,-0.0800,0
38.710,WALL_FOLLOW,9.34,14.57,5.00,5.00,5.00,-0.0800,0
38.720,WALL_FOLLOW,9.63,14.59,5.00,5.00,5.00,-0.0800,0
38.730,WALL_FOLLOW,9.94,14.61,5.00,5.00,5.00,-0.0800,0
38.740,WALL_FOLLOW,10.25,14.63,5.00,5.00,5.00,-0.0800,0
38.750,WALL_FOLLOW,10.57,14.65,5.00,5.00,5.00,-0.0800,0
38.760,WALL_FOLLOW,10.89,14.67,5.00,5.00,5.00,-0.0800,0
38.770,WALL_FOLLOW,11.23,14.69,5.00,5.00,5.00,-0.0800,0
38.780,WALL_FOLLOW,11.58,14.71,5.00,5.00,5.00,-0.0800,0
38.790,WALL_FOLLOW,11.94,4.76,5.00,5.00,5.00,-0.0800,0
38.800,WALL_FOLLOW,49.97,4.65,5.00,5.00,5.00,-0.0800,0
38.810,WALL_FOLLOW,49.86,4.57,5.00,5.00,5.00,-0.0800,0
38.820,WALL_FOLLOW,49.75,4.50,5.00,5.00,5.00,-0.0800,0
38.830,WALL_FOLLOW,49.65,4.43,5.00,5.00,5.00,0.1534,1
38.840,WALL_FOLLOW,49.53,4.36,5.00,5.00,5.00,0.1465,1
38.850,WALL_FOLLOW,49.44,4.30,5.00,5.00,5.00,0.1396,1
38.860,WALL_FOLLOW,49.35,4.23,5.00,5.00,5.00,0.1327,1
38.870,WALL_FOLLOW,49.28,4.16,5.00,5.00,5.00,0.1260,1
38.880,WALL_FOLLOW,49.20,4.10,5.00,5.00,5.00,0.1197,1
38.890,WALL_FOLLOW,49.14,4.04,5.00,5.00,5.00,0.1139,1
38.900,WALL_FOLLOW,49.08,3.98,5.00,5.00,5.00,0.1082,1
38.910,WALL_FOLLOW,49.03,3.93,5.00,5.00,5.00,0.1025,1
38.920,WALL_FOLLOW,48.97,3.87,5.00,5.00,5.00,0.0969,1
38.930,WALL_FOLLOW,48.92,3.81,5.00,5.00,5.00,0.0913,1
38.940,WALL_FOLLOW,48.87,3.76,5.00,5.00,5.00,0.0857,1
38.950,WALL_FOLLOW,48.83,3.70,5.00,5.00,5.00,0.0800,1
38.960,WALL_FOLLOW,48.79,3.64,5.00,5.00,5.00,0.0744,1
38.970,WALL_FOLLOW,48.75,3.59,5.00,5.00,5.00,0.0688,1
38.980,WALL_FOLLOW,48.71,3.53,5.00,5.00,5.00,0.0633,1
38.990,WALL_FOLLOW,48.67,3.48,5.00,5.00,5.00,0.0577,1
39.000,WALL_FOLLOW,48.64,3.42,5.00,5.00,5.00,0.0521,1
39.010,WALL_FOLLOW,48.61,3.37,5.00,5.00,5.00,0.0466,1
39.020,WALL_FOLLOW,48.57,3.31,5.00,5.00,5.00,0.0410,1
39.030,WALL_FOLLOW,48.54,3.25,5.00,5.00,5.00,0.0354,1
39.040,WALL_FOLLOW,48.51,3.20,5.00,5.00,5.00,0.0299,1
39.050,WALL_FOLLOW,48.48,3.14,5.00,5.00,5.00,0.0243,1
39.060,WALL_FOLLOW,48.45,3.09,5.00,5.00,5.00,0.0188,1
39.070,WALL_FOLLOW,48.43,3.03,5.00,5.00,5.00,0.0133,1
39.080,WALL_FOLLOW,48.40,2.98,5.00,5.00,5.00,0.0082,1
39.090,WALL_FOLLOW,48.37,2.93,5.00,5.00,5.00,0.0034,1
39.100,WALL_FOLLOW,48.35,2.89,5.00,5.00,5.00,-0.0014,1
39.110,WALL_FOLLOW,48.32,2.84,5.00,5.00,5.00,-0.0063,1
39.120,WALL_FOLLOW,48.30,2.79,5.00,5.00,5.00,-0.0111,1
39.130,WALL_FOLLOW,48.28,2.74,5.00,5.00,5.00,-0.0159,1
39.140,WALL_FOLLOW,48.25,2.69,5.00,5.00,5.00,-0.0207,1
39.150,WALL_FOLLOW,48.23,2.64,5.00,5.00,5.00,-0.0255,1
39.170,RECENTER,48.18,2.55,5.00,5.00,5.00,0.1000,0
39.180,RECENTER,48.16,2.50,5.00,5.00,5.00,0.1000,0
39.190,RECENTER,48.14,2.45,5.00,5.00,5.00,0.1000,0
39.200,RECENTER,48.13,2.41,5.00,5.00,5.00,0.1000,0
39.210,RECENTER,48.13,2.36,5.00,5.00,5.00,0.1000,0
39.220,RECENTER,48.14,2.33,5.00,5.00,5.00,0.1000,0
39.230,RECENTER,48.16,2.30,5.00,5.00,5.00,0.1000,0
39.240,RECENTER,48.18,2.30,5.00,5.00,5.00,0.1000,0
39.250,RECENTER,99.00,2.27,5.00,5.00,5.00,0.1000,0
39.260,RECENTER,99.00,2.21,5.00,5.00,5.00,0.1000,0
39.270,RECENTER,52.79,2.19,5.00,5.00,5.00,0.1000,0
39.280,RECENTER,99.00,2.18,5.00,5.00,5.00,0.1000,0
39.290,RECENTER,99.00,2.14,5.00,5.00,5.00,0.1000,0
39.300,RECENTER,99.00,2.11,5.00,5.00,5.00,0.1000,0
39.310,RECENTER,99.00,2.11,5.00,5.00,5.00,0.1000,0
39.320,RECENTER,99.00,2.08,5.00,5.00,5.00,0.1000,0
39.330,RECENTER,99.00,2.04,5.00,5.00,5.00,0.1000,0
39.340,RECENTER,99.00,2.02,5.00,5.00,5.00,0.1000,0
39.350,RECENTER,99.00,2.00,5.00,5.00,0.09,0.1000,0
39.360,RECENTER,99.00,1.98,5.00,5.00,0.31,0.1000,0
39.370,RECENTER,73.12,1.96,5.00,5.00,0.49,0.1000,0
39.380,RECENTER,72.97,1.94,5.00,5.00,0.64,0.1000,0
39.390,RECENTER,72.92,1.92,5.00,5.00,0.77,0.1000,0
39.400,RECENTER,72.95,1.90,5.00,5.00,0.86,0.1000,0
39.410,RECENTER,99.00,1.88,5.00,5.00,0.93,0.1000,0
39.420,RECENTER,99.00,1.86,5.00,5.00,0.98,0.1000,0
39.430,RECENTER,99.00,1.85,5.00,5.00,0.99,0.1000,0
39.440,RECENTER,99.00,1.83,5.00,5.00,0.98,0.1000,0
39.450,RECENTER,99.00,1.82,5.00,5.00,0.95,0.1000,0
39.460,RECENTER,99.00,1.80,5.00,5.00,0.89,0.1000,0
39.470,RECENTER,99.00,1.79,5.00,5.00,0.81,0.1000,0
39.480,RECENTER,99.00,1.78,5.00,5.00,0.71,0.1000,0
39.490,RECENTER,72.52,1.78,5.00,5.00,0.57,0.1000,0
39.500,RECENTER,72.35,1.77,5.00,5.00,0.38,0.1000,0
39.510,RECENTER,72.30,1.76,5.00,5.00,0.15,0.1000,0
39.520,RECENTER,72.35,1.76,5.00,5.00,5.00,0.1000,0
39.530,RECENTER,99.00,1.76,5.00,5.00,5.00,0.1000,0
39.540,RECENTER,99.00,1.77,5.00,5.00,5.00,0.1000,0
39.550,RECENTER,99.00,1.77,5.00,5.00,5.00,0.1000,0
39.560,RECENTER,99.00,1.78,5.00,5.00,5.00,0.1000,0
39.570,RECENTER,99.00,1.79,5.00,5.00,5.00,0.1000,0
39.580,RECENTER,99.00,1.80,5.00,5.00,5.00,0.1000,0
39.590,RECENTER,51.14,1.79,5.00,5.00,5.00,0.1000,0
39.600,RECENTER,71.76,1.80,5.00,5.00,5.00,0.1000,0
39.610,RECENTER,71.77,1.80,5.00,5.00,5.00,0.1000,0
39.620,RECENTER,99.00,1.81,5.00,5.00,5.00,0.1000,0
39.630,RECENTER,99.00,1.81,5.00,5.00,5.00,0.1000,0
39.640,RECENTER,99.00,1.82,5.00,5.00,5.00,0.1000,0
39.650,RECENTER,99.00,1.82,5.00,5.00,5.00,0.1000,0
39.660,RECENTER,99.00,1.83,5.00,5.00,5.00,0.1000,0
39.670,RECENTER,99.00,1.83,5.00,5.00,5.00,0.1000,0
39.680,RECENTER,99.00,1.83,5.00,5.00,5.00,0.1000,0
39.690,RECENTER,71.32,1.84,5.00,5.00,5.00,0.1000,0
39.700,RECENTER,71.21,1.84,5.00,5.00,5.00,0.1000,0
39.710,RECENTER,16.67,1.85,5.00,5.00,5.00,0.1000,0
39.720,RECENTER,16.71,1.85,5.00,5.00,5.00,0.1000,0
39.730,RECENTER,16.75,1.85,5.00,5.00,5.00,0.1000,0
39.740,RECENTER,16.79,1.86,5.00,5.00,5.00,0.1000,0
39.750,RECENTER,16.83,1.86,5.00,5.00,5.00,0.1000,0
39.760,RECENTER,16.88,1.86,5.00,5.00,5.00,0.1000,0
39.770,RECENTER,16.92,1.87,5.00,5.00,5.00,0.1000,0
39.780,RECENTER,16.97,1.87,5.00,5.00,5.00,0.1000,0
39.790,RECENTER,17.02,1.87,5.00,5.00,5.00,0.1000,0
39.800,RECENTER,17.07,1.88,5.00,5.00,5.00,0.1000,0
39.810,RECENTER,17.13,1.88,5.00,5.00,5.00,0.1000,0
39.820,RECENTER,79.20,1.88,5.00,5.00,5.00,0.1000,0
39.830,RECENTER,49.85,1.88,5.00,5.00,5.00,0.1000,0
39.840,RECENTER,79.08,1.89,5.00,5.00,5.00,0.1000,0
39.850,RECENTER,79.36,1.89,5.00,5.00,5.00,0.1000,0
39.860,RECENTER,99.00,1.89,5.00,5.00,5.00,0.1000,0
39.870,RECENTER,70.44,1.89,5.00,5.00,5.00,0.1000,0
39.880,RECENTER,70.25,1.89,5.00,5.00,5.00,0.1000,0
39.890,RECENTER,70.18,1.90,5.00,5.00,5.00,0.1000,0
39.900,RECENTER,70.24,1.90,5.00,5.00,5.00,0.1000,0
39.910,RECENTER,49.42,1.90,2.96,5.00,5.00,0.1000,0
39.920,RECENTER,78.48,1.90,2.67,5.00,5.00,0.1000,0
39.930,RECENTER,78.55,1.90,2.38,5.00,5.00,0.1000,0
39.940,RECENTER,99.00,1.90,2.08,5.00,5.00,0.1000,0
39.950,RECENTER,99.00,1.91,1.77,5.00,5.00,0.1000,0
39.960,RECENTER,99.00,1.91,1.46,5.00,5.00,0.1000,0
39.970,RECENTER,69.80,1.91,1.14,5.00,5.00,0.1000,0
39.980,RECENTER,69.64,1.91,0.81,5.00,5.00,0.1000,0
39.990,RECENTER,69.71,1.92,0.49,5.00,5.00,0.1000,0
40.000,RECENTER,78.18,1.91,0.50,5.00,5.00,0.1000,0
40.010,RECENTER,78.12,1.91,0.51,5.00,5.00,0.1000,0
40.020,RECENTER,73.73,1.91,0.51,5.00,5.00,0.1000,0
40.030,RECENTER,73.66,1.91,0.52,5.00,5.00,0.1000,0
40.040,RECENTER,73.64,1.91,0.52,5.00,5.00,0.1000,0
40.050,RECENTER,79.68,1.91,0.53,5.00,5.00,0.1000,0
40.060,RECENTER,48.64,1.91,0.53,5.00,5.00,0.1000,0
40.070,RECENTER,69.16,1.91,0.54,5.00,5.00,0.1000,0
40.080,RECENTER,69.17,1.91,0.54,5.00,5.00,0.1000,0
40.090,RECENTER,77.43,1.91,0.55,5.00,5.00,0.1000,0
40.100,RECENTER,77.62,1.91,0.55,5.00,5.00,0.1000,0
40.110,RECENTER,71.79,1.91,0.56,5.00,5.00,0.1000,0
40.120,RECENTER,71.69,1.91,0.56,5.00,5.00,0.1000,0
40.130,RECENTER,71.65,1.91,0.57,5.00,5.00,0.1000,0
40.140,RECENTER,71.70,1.91,0.57,5.00,5.00,0.1000,0
40.150,RECENTER,68.90,1.91,0.58,5.00,5.00,0.1000,0
40.160,RECENTER,68.71,1.91,0.58,2.92,5.00,0.1000,0
40.170,RECENTER,68.65,1.91,0.59,2.53,5.00,0.1000,0
40.180,RECENTER,68.71,1.91,0.59,2.12,5.00,0.1000,0
40.190,RECENTER,77.12,1.91,0.59,1.70,5.00,0.1000,0
40.200,RECENTER,70.07,1.91,0.60,1.27,5.00,0.1000,0
40.210,RECENTER,47.88,1.91,0.60,0.82,5.00,0.1000,0
40.220,RECENTER,69.82,1.91,0.61,0.47,5.00,0.1000,0
40.230,RECENTER,69.83,1.90,0.61,0.48,5.00,0.1000,0
40.240,RECENTER,76.91,1.90,0.61,0.48,5.00,0.1000,0
40.250,RECENTER,68.25,1.90,0.62,0.49,5.00,0.1000,0
40.260,RECENTER,68.13,1.90,0.62,0.49,5.00,0.1000,0
40.270,RECENTER,68.19,1.90,0.62,0.50,5.00,0.1000,0
40.280,RECENTER,47.53,1.90,0.63,0.50,5.00,0.1000,0
40.290,RECENTER,78.26,1.89,0.63,0.51,5.00,0.1000,0
40.300,RECENTER,68.26,1.89,0.63,0.52,5.00,0.1000,0
40.310,RECENTER,68.16,1.89,0.64,0.52,5.00,0.1000,0
40.320,RECENTER,68.14,1.89,0.64,0.53,5.00,0.1000,0
40.330,RECENTER,76.37,1.89,0.64,0.53,5.00,0.1000,0
40.340,RECENTER,67.79,1.88,0.64,0.54,5.00,0.1000,0
40.350,RECENTER,47.19,1.88,0.65,0.54,5.00,0.1000,0
40.360,RECENTER,66.46,1.88,0.65,0.54,5.00,0.1000,0
40.370,RECENTER,66.39,1.87,0.65,0.55,5.00,0.1000,0
40.380,RECENTER,66.39,1.87,0.65,0.55,5.00,0.1000,0
40.390,RECENTER,66.82,1.87,0.66,0.56,5.00,0.1000,0
40.400,RECENTER,66.66,1.87,0.66,0.56,5.00,0.1000,0
40.410,RECENTER,66.60,1.86,0.66,0.57,2.92,0.1000,0
40.420,RECENTER,42.15,1.86,0.66,0.57,2.29,0.1000,0
40.430,RECENTER,67.31,1.86,0.66,0.57,1.62,0.1000,0
40.440,RECENTER,67.12,1.85,0.66,0.58,0.93,0.1000,0
40.450,RECENTER,65.95,1.85,0.67,0.58,0.50,0.1000,0
40.460,RECENTER,65.85,1.85,0.67,0.59,0.50,0.1000,0
40.470,RECENTER,65.82,1.84,0.67,0.59,0.51,0.1000,0
40.480,RECENTER,75.85,1.84,0.67,0.59,0.51,0.1000,0
40.490,RECENTER,65.30,1.84,0.67,0.60,0.52,0.1000,0
40.500,RECENTER,65.21,1.83,0.67,0.60,0.53,0.1000,0
40.510,RECENTER,65.19,1.83,0.67,0.60,0.53,0.1000,0
40.520,RECENTER,66.84,1.82,0.67,0.61,0.54,0.1000,0
40.530,RECENTER,66.64,1.82,0.68,0.61,0.54,0.1000,0
40.540,RECENTER,65.47,1.81,0.61,0.61,0.55,0.1000,0
40.550,RECENTER,33.07,1.81,0.61,0.61,0.55,0.1000,0
40.560,RECENTER,65.27,1.81,0.61,0.62,0.56,0.1000,0
40.570,RECENTER,65.28,1.80,0.61,0.62,0.56,0.1000,0
40.580,RECENTER,64.10,1.80,0.61,0.62,0.57,0.1000,0
40.590,RECENTER,63.95,1.79,0.61,0.62,0.57,0.1000,0
40.600,RECENTER,63.89,1.79,0.61,0.63,0.58,0.1000,0
40.610,RECENTER,63.96,1.78,0.61,0.63,0.58,0.1000,0
86.270,WALL_FOLLOW,14.35,11.85,5.00,5.00,5.00,-0.0800,0
86.280,WALL_FOLLOW,14.27,11.85,5.00,5.00,5.00,-0.0800,0
86.290,WALL_FOLLOW,14.19,11.85,5.00,5.00,5.00,-0.0800,0
86.300,WALL_FOLLOW,14.11,11.84,5.00,5.00,5.00,-0.0800,0
86.310,WALL_FOLLOW,14.02,11.84,5.00,5.00,5.00,-0.0800,0
86.320,WALL_FOLLOW,13.94,11.84,5.00,5.00,5.00,-0.0800,0
86.330,WALL_FOLLOW,13.86,11.84,5.00,5.00,5.00,-0.0800,0
86.340,WALL_FOLLOW,13.78,11.84,5.00,5.00,5.00,-0.0800,0
86.350,WALL_FOLLOW,13.70,11.84,5.00,5.00,5.00,-0.0800,0
86.360,WALL_FOLLOW,13.62,11.84,5.00,5.00,5.00,-0.0800,0
86.370,WALL_FOLLOW,13.54,11.84,5.00,5.00,5.00,-0.0800,0
86.380,WALL_FOLLOW,13.46,11.85,5.00,5.00,5.00,-0.0800,0
86.390,WALL_FOLLOW,13.38,11.85,5.00,5.00,5.00,-0.0800,0
86.400,WALL_FOLLOW,13.30,11.86,5.00,5.00,5.00,-0.0800,0
86.410,WALL_FOLLOW,13.22,11.86,5.00,5.00,5.00,-0.0800,0
86.420,WALL_FOLLOW,13.14,11.87,5.00,5.00,5.00,-0.0800,0
86.430,WALL_FOLLOW,13.07,11.88,5.00,5.00,5.00,-0.0800,0
86.440,WALL_FOLLOW,12.99,11.89,5.00,5.00,5.00,-0.0800,0
86.450,WALL_FOLLOW,12.91,11.89,5.00,5.00,5.00,-0.0800,0
86.460,WALL_FOLLOW,12.84,11.90,5.00,5.00,5.00,-0.0800,0
86.470,WALL_FOLLOW,12.76,11.91,5.00,5.00,5.00,-0.0800,0
86.480,WALL_FOLLOW,12.69,11.92,5.00,5.00,5.00,-0.0800,0
86.490,WALL_FOLLOW,12.61,11.93,5.00,5.00,5.00,-0.0800,0
86.500,WALL_FOLLOW,12.54,11.94,5.00,5.00,5.00,-0.0800,0
86.510,WALL_FOLLOW,12.46,11.95,5.00,5.00,5.00,-0.0800,0
86.520,WALL_FOLLOW,12.39,11.96,5.00,5.00,5.00,-0.0800,0
86.530,WALL_FOLLOW,12.32,11.97,5.00,5.00,5.00,-0.0800,0
86.540,WALL_FOLLOW,12.25,11.97,5.00,5.00,5.00,-0.0800,0
86.550,WALL_FOLLOW,12.17,11.98,5.00,5.00,5.00,-0.0800,0
86.560,WALL_FOLLOW,12.10,11.99,5.00,5.00,5.00,-0.0800,0
86.570,WALL_FOLLOW,12.03,12.01,5.00,5.00,5.00,-0.0800,0
86.580,WALL_FOLLOW,11.96,12.02,5.00,5.00,5.00,-0.0800,0
86.590,WALL_FOLLOW,11.89,12.03,5.00,5.00,5.00,-0.0800,0
86.600,WALL_FOLLOW,11.82,12.04,5.00,5.00,5.00,-0.0800,0
86.610,WALL_FOLLOW,11.75,12.05,5.00,5.00,5.00,-0.0800,0
86.620,WALL_FOLLOW,11.68,12.06,5.00,5.00,5.00,-0.0800,0
86.630,WALL_FOLLOW,11.61,12.07,5.00,5.00,5.00,-0.0800,0
86.640,WALL_FOLLOW,11.55,12.08,5.00,5.00,5.00,-0.0800,0
86.650,WALL_FOLLOW,11.48,12.09,5.00,5.00,5.00,-0.0800,0
86.660,WALL_FOLLOW,11.41,12.10,5.00,5.00,5.00,-0.0800,0
86.670,WALL_FOLLOW,11.34,12.11,5.00,5.00,5.00,-0.0800,0
86.680,WALL_FOLLOW,11.28,12.12,5.00,5.00,5.00,-0.0800,0
86.690,WALL_FOLLOW,11.21,12.14,5.00,5.00,5.00,-0.0800,0
86.700,WALL_FOLLOW,11.14,12.15,5.00,5.00,5.00,-0.0800,0
86.710,WALL_FOLLOW,11.08,12.16,5.00,5.00,5.00,-0.0800,0
86.720,WALL_FOLLOW,11.01,12.17,5.00,5.00,5.00,-0.0800,0
86.730,WALL_FOLLOW,10.95,12.18,5.00,5.00,5.00,-0.0800,0
86.740,WALL_FOLLOW,10.88,12.19,5.00,5.00,5.00,-0.0800,0
86.750,WALL_FOLLOW,10.82,12.21,5.00,5.00,5.00,-0.0800,0
86.760,WALL_FOLLOW,10.76,12.22,5.00,5.00,5.00,-0.0800,0
86.770,WALL_FOLLOW,10.70,12.23,5.00,5.00,5.00,-0.0800,0
86.780,WALL_FOLLOW,10.63,12.24,5.00,5.00,5.00,-0.0800,0
86.790,WALL_FOLLOW,10.57,12.25,5.00,5.00,5.00,-0.0800,0
86.800,WALL_FOLLOW,10.51,12.26,5.00,5.00,5.00,-0.0800,0
86.810,WALL_FOLLOW,10.45,12.28,5.00,5.00,5.00,-0.0800,0
86.820,WALL_FOLLOW,10.39,12.29,5.00,5.00,5.00,-0.0800,0
86.830,WALL_FOLLOW,10.33,12.30,5.00,5.00,5.00,-0.0800,0
86.840,WALL_FOLLOW,10.27,12.31,5.00,5.00,5.00,-0.0800,0
86.850,WALL_FOLLOW,10.21,12.33,5.00,5.00,5.00,-0.0800,0
86.860,WALL_FOLLOW,10.15,12.34,5.00,5.00,5.00,-0.0800,0
86.870,WALL_FOLLOW,10.09,12.35,5.00,5.00,5.00,-0.0800,0
86.880,WALL_FOLLOW,10.03,12.36,5.00,5.00,5.00,-0.0800,0
86.890,WALL_FOLLOW,9.97,12.37,5.00,5.00,5.00,-0.0800,0
86.900,WALL_FOLLOW,9.91,12.39,5.00,5.00,5.00,-0.0800,0
86.910,WALL_FOLLOW,9.86,12.40,5.00,5.00,5.00,-0.0800,0
86.920,WALL_FOLLOW,9.80,12.41,5.00,5.00,5.00,-0.0800,0
86.930,WALL_FOLLOW,9.74,12.42,5.00,5.00,5.00,-0.0800,0
86.940,WALL_FOLLOW,9.69,12.44,5.00,5.00,5.00,-0.0800,0
86.950,WALL_FOLLOW,9.63,12.45,5.00,5.00,5.00,-0.0800,0
86.960,WALL_FOLLOW,9.58,12.46,5.00,5.00,5.00,-0.0800,0
86.970,WALL_FOLLOW,9.52,12.47,5.00,5.00,5.00,-0.0800,0
86.980,WALL_FOLLOW,9.47,12.49,5.00,5.00,5.00,-0.0800,0
86.990,WALL_FOLLOW,9.42,12.50,5.00,5.00,5.00,-0.0800,0
87.000,WALL_FOLLOW,9.36,12.51,5.00,5.00,5.00,-0.0800,0
87.010,WALL_FOLLOW,9.31,12.52,5.00,5.00,5.00,-0.0800,0
87.020,WALL_FOLLOW,9.25,12.54,5.00,5.00,5.00,-0.0800,0
87.030,WALL_FOLLOW,9.20,12.55,5.00,5.00,5.00,-0.0800,0
87.040,WALL_FOLLOW,9.15,12.56,5.00,5.00,5.00,-0.0800,0
87.050,WALL_FOLLOW,9.10,12.58,5.00,5.00,5.00,-0.0800,0
87.060,WALL_FOLLOW,9.05,12.59,5.00,5.00,5.00,-0.0800,0
87.070,WALL_FOLLOW,9.00,12.60,5.00,5.00,5.00,-0.0800,0
87.080,WALL_FOLLOW,8.95,12.61,5.00,5.00,5.00,-0.0800,0
87.090,WALL_FOLLOW,8.90,12.63,5.00,5.00,5.00,-0.0800,0
87.100,WALL_FOLLOW,8.85,12.64,5.00,5.00,5.00,-0.0800,0
87.110,WALL_FOLLOW,8.80,12.65,5.00,5.00,5.00,-0.0800,0
87.120,WALL_FOLLOW,8.76,12.67,5.00,5.00,5.00,-0.0800,0
87.130,WALL_FOLLOW,8.71,12.68,5.00,5.00,5.00,-0.0800,0
87.140,WALL_FOLLOW,8.66,12.69,5.00,5.00,5.00,-0.0800,0
87.150,WALL_FOLLOW,8.61,12.70,5.00,5.00,5.00,-0.0800,0
87.160,WALL_FOLLOW,8.56,12.72,5.00,5.00,5.00,-0.0800,0
87.170,WALL_FOLLOW,8.52,12.73,5.00,5.00,5.00,-0.0800,0
87.180,WALL_FOLLOW,8.47,12.74,5.00,5.00,5.00,-0.0800,0
87.190,WALL_FOLLOW,8.43,12.75,5.00,5.00,5.00,-0.0800,0
87.200,WALL_FOLLOW,8.38,12.77,5.00,5.00,5.00,-0.0800,0
87.210,WALL_FOLLOW,8.34,12.78,5.00,5.00,5.00,-0.0800,0
87.220,WALL_FOLLOW,8.29,12.79,5.00,5.00,5.00,-0.0800,0
87.230,WALL_FOLLOW,8.25,12.80,5.00,5.00,5.00,-0.0800,0
87.240,WALL_FOLLOW,8.21,12.82,5.00,5.00,5.00,-0.0800,0
87.250,WALL_FOLLOW,8.17,12.83,5.00,5.00,5.00,-0.0800,0
87.260,WALL_FOLLOW,8.12,12.84,5.00,5.00,5.00,-0.0800,0
87.270,WALL_FOLLOW,8.08,12.85,5.00,5.00,5.00,-0.0800,0
87.280,WALL_FOLLOW,8.04,12.86,5.00,5.00,5.00,-0.0800,0
87.290,WALL_FOLLOW,7.99,12.88,5.00,5.00,5.00,-0.0800,0
87.300,WALL_FOLLOW,7.95,12.89,5.00,5.00,5.00,-0.0800,0
87.310,WALL_FOLLOW,7.92,12.90,5.00,5.00,5.00,-0.0800,0
87.320,WALL_FOLLOW,7.88,12.91,5.00,5.00,5.00,-0.0800,0
87.330,WALL_FOLLOW,7.84,12.93,5.00,5.00,5.00,-0.0800,0
87.340,WALL_FOLLOW,7.79,12.94,5.00,5.00,5.00,-0.0800,0
87.350,WALL_FOLLOW,7.75,12.95,5.00,5.00,5.00,-0.0800,0
87.360,WALL_FOLLOW,7.72,12.97,5.00,5.00,5.00,-0.0800,0
87.370,WALL_FOLLOW,7.68,12.98,5.00,5.00,5.00,-0.0800,0
87.380,WALL_FOLLOW,7.64,12.99,5.00,5.00,5.00,-0.0800,0
87.390,WALL_FOLLOW,7.60,13.01,5.00,5.00,5.00,-0.0800,0
87.400,WALL_FOLLOW,7.56,13.02,5.00,5.00,5.00,-0.0800,0
87.410,WALL_FOLLOW,7.52,13.03,5.00,5.00,5.00,-0.0800,0
87.420,WALL_FOLLOW,7.48,13.05,5.00,5.00,5.00,-0.0800,0
87.430,WALL_FOLLOW,7.44,13.06,5.00,5.00,5.00,-0.0800,0
87.440,WALL_FOLLOW,7.41,13.07,5.00,5.00,5.00,-0.0800,0
87.450,WALL_FOLLOW,7.37,13.09,5.00,5.00,5.00,-0.0800,0
87.460,WALL_FOLLOW,7.33,13.10,5.00,5.00,5.00,-0.0800,0
87.470,WALL_FOLLOW,7.29,13.11,5.00,5.00,5.00,-0.0800,0
87.480,WALL_FOLLOW,7.25,13.13,5.00,5.00,5.00,-0.0800,0
87.490,WALL_FOLLOW,7.21,13.14,5.00,5.00,5.00,-0.0800,0
87.500,WALL_FOLLOW,7.17,13.15,5.00,5.00,5.00,-0.0800,0
87.510,WALL_FOLLOW,7.13,13.17,5.00,5.00,5.00,-0.0800,0
87.520,WALL_FOLLOW,7.09,13.18,5.00,5.00,5.00,-0.0800,0
87.530,WALL_FOLLOW,7.05,13.19,5.00,5.00,5.00,-0.0800,0
87.540,WALL_FOLLOW,7.02,13.25,5.00,5.00,5.00,-0.0800,0
87.550,WALL_FOLLOW,6.98,13.22,5.00,5.00,5.00,-0.0800,0
87.560,WALL_FOLLOW,6.94,13.24,5.00,5.00,5.00,-0.0800,0
87.570,WALL_FOLLOW,6.90,13.25,5.00,5.00,5.00,-0.0800,0
87.580,WALL_FOLLOW,6.86,13.26,5.00,5.00,4.98,-0.0800,0
87.590,WALL_FOLLOW,6.82,13.29,5.00,5.00,4.97,-0.0800,0
87.600,WALL_FOLLOW,6.78,13.24,5.00,5.00,5.00,-0.0800,0
87.610,WALL_FOLLOW,6.75,13.25,5.00,5.00,5.00,-0.0800,0
87.620,WALL_FOLLOW,6.71,13.32,5.00,5.00,5.00,-0.0800,0
87.630,WALL_FOLLOW,6.67,13.29,5.00,5.00,5.00,-0.0800,0
87.640,WALL_FOLLOW,6.63,13.22,5.00,5.00,5.00,-0.0800,0
87.650,WALL_FOLLOW,6.59,13.23,5.00,5.00,5.00,-0.0800,0
87.660,WALL_FOLLOW,6.55,13.32,5.00,5.00,5.00,-0.0800,0
87.670,WALL_FOLLOW,6.51,13.28,5.00,5.00,5.00,-0.0800,0
87.680,WALL_FOLLOW,6.47,13.21,5.00,5.00,5.00,-0.0800,0
87.690,WALL_FOLLOW,6.44,13.21,5.00,5.00,5.00,-0.0800,0
87.700,WALL_FOLLOW,6.40,13.33,5.00,5.00,5.00,-0.0800,0
87.710,WALL_FOLLOW,6.36,13.28,5.00,5.00,5.00,-0.0800,0
87.720,WALL_FOLLOW,6.32,13.20,5.00,5.00,5.00,-0.0800,0
87.730,WALL_FOLLOW,6.28,13.21,5.00,5.00,5.00,-0.0800,0
87.740,WALL_FOLLOW,6.24,13.34,5.00,5.00,5.00,-0.0800,0
87.750,WALL_FOLLOW,6.20,13.28,5.00,5.00,5.00,-0.0800,0
87.760,WALL_FOLLOW,6.17,13.19,5.00,5.00,5.00,-0.0800,0
87.770,WALL_FOLLOW,6.13,13.20,5.00,5.00,5.00,-0.0800,0
87.780,WALL_FOLLOW,6.09,13.35,5.00,5.00,5.00,-0.0800,0
87.790,WALL_FOLLOW,6.05,13.28,5.00,5.00,5.00,-0.0800,0
87.800,WALL_FOLLOW,6.01,13.19,5.00,5.00,5.00,-0.0800,0
87.810,WALL_FOLLOW,5.97,13.20,5.00,5.00,5.00,-0.0800,0
87.820,WALL_FOLLOW,5.93,13.36,5.00,5.00,5.00,-0.0800,0
87.830,WALL_FOLLOW,5.90,13.29,5.00,5.00,5.00,-0.0800,0
87.840,WALL_FOLLOW,5.86,13.18,5.00,5.00,5.00,-0.0800,0
87.850,WALL_FOLLOW,5.82,13.20,5.00,5.00,5.00,-0.0800,0
87.860,WALL_FOLLOW,5.78,13.38,5.00,5.00,5.00,-0.0800,0
87.870,WALL_FOLLOW,5.74,13.29,5.00,5.00,5.00,-0.0800,0
87.880,WALL_FOLLOW,5.71,13.19,5.00,5.00,5.00,-0.0800,0
87.890,WALL_FOLLOW,5.67,13.21,5.00,5.00,5.00,-0.0800,0
87.900,WALL_FOLLOW,5.63,13.40,5.00,5.00,5.00,-0.0800,0
87.910,WALL_FOLLOW,5.59,13.31,5.00,5.00,5.00,-0.0800,0
87.920,WALL_FOLLOW,5.56,13.20,5.00,5.00,5.00,-0.0800,0
87.930,WALL_FOLLOW,5.52,13.22,5.00,5.00,5.00,-0.0800,0
87.940,WALL_FOLLOW,5.48,13.43,5.00,5.00,5.00,-0.0800,0
87.950,WALL_FOLLOW,5.45,13.33,5.00,5.00,5.00,-0.0800,0
87.960,WALL_FOLLOW,5.42,13.22,5.00,5.00,5.00,-0.0800,0
87.970,WALL_FOLLOW,5.39,13.24,5.00,5.00,5.00,-0.0800,0
87.980,WALL_FOLLOW,5.40,13.46,5.00,5.00,5.00,-0.0800,0
87.990,WALL_FOLLOW,5.39,13.36,5.00,5.00,5.00,-0.0800,0
88.000,WALL_FOLLOW,5.31,13.24,5.00,5.00,5.00,-0.0800,0
88.010,WALL_FOLLOW,5.28,13.26,5.00,5.00,5.00,-0.0800,0
88.020,WALL_FOLLOW,5.25,13.50,5.00,5.00,5.00,-0.0800,0
88.030,WALL_FOLLOW,5.25,13.39,5.00,5.00,5.00,-0.0800,0
88.040,WALL_FOLLOW,5.25,13.28,5.00,5.00,5.00,-0.0800,0
88.050,WALL_FOLLOW,5.32,13.29,5.00,5.00,5.00,-0.0800,0
88.060,WALL_FOLLOW,5.42,13.55,5.00,5.00,5.00,-0.0800,0
88.070,WALL_FOLLOW,5.52,13.43,5.00,5.00,5.00,-0.0800,0
88.080,WALL_FOLLOW,5.65,13.32,5.00,5.00,5.00,-0.0800,0
88.090,WALL_FOLLOW,5.81,13.31,5.00,5.00,5.00,-0.0800,0
88.100,WALL_FOLLOW,5.97,14.13,5.00,5.00,5.00,-0.0800,0
88.110,WALL_FOLLOW,6.14,14.15,5.00,5.00,5.00,-0.0800,0
88.120,WALL_FOLLOW,6.31,14.16,5.00,5.00,5.00,-0.0800,0
88.130,WALL_FOLLOW,6.49,14.18,5.00,5.00,5.00,-0.0800,0
88.140,WALL_FOLLOW,6.67,14.14,5.00,5.00,5.00,-0.0800,0
88.150,WALL_FOLLOW,6.85,14.16,5.00,5.00,5.00,-0.0800,0
88.160,WALL_FOLLOW,7.04,14.18,5.00,5.00,5.00,-0.0800,0
88.170,WALL_FOLLOW,7.23,14.20,5.00,5.00,5.00,-0.0800,0
88.180,WALL_FOLLOW,7.43,14.21,5.00,5.00,5.00,-0.0800,0
88.190,WALL_FOLLOW,7.63,14.23,5.00,5.00,5.00,-0.0800,0
88.200,WALL_FOLLOW,7.84,14.25,5.00,5.00,5.00,-0.0800,0
88.210,WALL_FOLLOW,8.05,14.27,5.00,5.00,5.00,-0.0800,0
88.220,WALL_FOLLOW,8.26,14.29,5.00,5.00,5.00,-0.0800,0
88.230,WALL_FOLLOW,8.48,14.30,5.00,5.00,5.00,-0.0800,0
88.240,WALL_FOLLOW,8.71,14.32,5.00,5.00,5.00,-0.0800,0
88.250,WALL_FOLLOW,8.94,14.34,5.00,5.00,5.00,-0.0800,0
88.260,WALL_FOLLOW,9.17,14.36,5.00,5.00,5.00,-0.0800,0
88.270,WALL_FOLLOW,9.42,14.38,5.00,5.00,5.00,-0.0800,0
88.280,WALL_FOLLOW,9.66,14.40,5.00,5.00,5.00,-0.0800,0
88.290,WALL_FOLLOW,9.92,14.42,5.00,5.00,5.00,-0.0800,0
88.300,WALL_FOLLOW,10.18,14.43,5.00,5.00,5.00,-0.0800,0
88.310,WALL_FOLLOW,10.44,14.45,5.00,5.00,5.00,-0.0800,0
88.320,WALL_FOLLOW,10.71,14.47,5.00,5.00,5.00,-0.0800,0
88.330,WALL_FOLLOW,11.00,14.49,5.00,5.00,5.00,-0.0800,0
88.340,WALL_FOLLOW,11.28,14.51,5.00,5.00,5.00,-0.0800,0
88.350,WALL_FOLLOW,11.58,14.53,5.00,5.00,5.00,-0.0800,0
88.360,WALL_FOLLOW,11.88,14.55,5.00,5.00,5.00,-0.0800,0
88.370,WALL_FOLLOW,12.19,14.57,5.00,5.00,5.00,-0.0800,0
88.380,WALL_FOLLOW,99.00,14.59,5.00,5.00,5.00,-0.0800,0
88.390,WALL_FOLLOW,99.00,14.61,5.00,5.00,5.00,-0.0800,0
88.400,WALL_FOLLOW,99.00,14.63,5.00,5.00,5.00,-0.0800,0
88.410,WALL_FOLLOW,99.00,5.12,5.00,5.00,5.00,-0.0800,0
88.420,WALL_FOLLOW,99.00,4.97,5.00,5.00,5.00,-0.0800,0
88.430,WALL_FOLLOW,99.00,4.90,5.00,5.00,5.00,-0.0800,0
88.440,WALL_FOLLOW,99.00,4.82,5.00,5.00,5.00,-0.0800,0
88.450,WALL_FOLLOW,99.00,4.75,5.00,5.00,5.00,-0.0800,0
88.460,WALL_FOLLOW,99.00,4.68,5.00,5.00,5.00,-0.0800,0
88.470,WALL_FOLLOW,99.00,4.61,5.00,5.00,5.00,-0.0800,0
88.480,WALL_FOLLOW,99.00,4.54,5.00,5.00,5.00,-0.0800,0
88.490,WALL_FOLLOW,99.00,4.47,5.00,5.00,5.00,0.1571,1
88.500,WALL_FOLLOW,99.00,4.40,5.00,5.00,5.00,0.1505,1
88.510,WALL_FOLLOW,99.00,4.34,5.00,5.00,5.00,0.1443,1
88.520,WALL_FOLLOW,99.00,4.28,5.00,5.00,5.00,0.1385,1
88.530,WALL_FOLLOW,99.00,4.23,5.00,5.00,5.00,0.1327,1
88.540,WALL_FOLLOW,99.00,4.17,5.00,5.00,5.00,0.1270,1
88.550,WALL_FOLLOW,99.00,4.11,5.00,5.00,5.00,0.1212,1
88.560,WALL_FOLLOW,99.00,4.06,5.00,5.00,5.00,0.1155,1
88.570,WALL_FOLLOW,99.00,4.00,5.00,5.00,5.00,0.1099,1
88.580,WALL_FOLLOW,99.00,3.94,5.00,5.00,5.00,0.1042,1
88.590,WALL_FOLLOW,99.00,3.89,5.00,5.00,5.00,0.0985,1
88.600,WALL_FOLLOW,99.00,3.83,5.00,5.00,5.00,0.0929,1
88.610,WALL_FOLLOW,99.00,3.77,5.00,5.00,5.00,0.0873,1
88.620,WALL_FOLLOW,99.00,3.72,5.00,5.00,5.00,0.0816,1
88.630,WALL_FOLLOW,99.00,3.66,5.00,5.00,5.00,0.0760,1
88.640,WALL_FOLLOW,99.00,3.60,5.00,5.00,5.00,0.0704,1
88.650,WALL_FOLLOW,99.00,3.55,5.00,5.00,5.00,0.0648,1
88.660,WALL_FOLLOW,99.00,3.49,5.00,5.00,5.00,0.0592,1
88.670,WALL_FOLLOW,99.00,3.44,5.00,5.00,5.00,0.0537,1
88.680,WALL_FOLLOW,99.00,3.38,5.00,5.00,5.00,0.0481,1
88.690,WALL_FOLLOW,99.00,3.33,5.00,5.00,5.00,0.0427,1
88.700,WALL_FOLLOW,99.00,3.28,5.00,5.00,5.00,0.0377,1
88.710,WALL_FOLLOW,99.00,3.23,5.00,5.00,5.00,0.0328,1
88.720,WALL_FOLLOW,99.00,3.18,5.00,5.00,5.00,0.0280,1
88.730,WALL_FOLLOW,99.00,3.13,5.00,5.00,5.00,0.0231,1
88.740,WALL_FOLLOW,99.00,3.08,5.00,5.00,5.00,0.0183,1
88.750,WALL_FOLLOW,99.00,3.03,5.00,5.00,5.00,0.0135,1
88.760,WALL_FOLLOW,99.00,2.99,5.00,5.00,5.00,0.0086,1
88.770,WALL_FOLLOW,99.00,2.94,5.00,5.00,5.00,0.0038,1
88.780,WALL_FOLLOW,99.00,2.89,5.00,5.00,5.00,-0.0011,1
88.790,WALL_FOLLOW,99.00,2.84,5.00,5.00,5.00,-0.0059,1
88.800,WALL_FOLLOW,99.00,2.79,5.00,5.00,5.00,-0.0107,1
88.810,WALL_FOLLOW,99.00,2.75,5.00,5.00,5.00,-0.0153,1
88.830,RECENTER,99.00,2.67,5.00,5.00,5.00,0.1000,0
88.840,RECENTER,99.00,2.64,5.00,5.00,5.00,0.1000,0
88.850,RECENTER,99.00,2.61,5.00,5.00,5.00,0.1000,0
88.860,RECENTER,99.00,2.61,5.00,5.00,5.00,0.1000,0
88.870,RECENTER,99.00,2.55,5.00,5.00,5.00,0.1000,0
88.880,RECENTER,99.00,2.53,5.00,5.00,5.00,0.1000,0
88.890,RECENTER,99.00,2.52,5.00,5.00,5.00,0.1000,0
88.900,RECENTER,99.00,2.50,5.00,5.00,5.00,0.1000,0
88.910,RECENTER,99.00,2.47,5.00,5.00,5.00,0.1000,0
88.920,RECENTER,99.00,2.44,5.00,5.00,5.00,0.1000,0
88.930,RECENTER,99.00,2.43,5.00,5.00,5.00,0.1000,0
88.940,RECENTER,99.00,2.41,5.00,5.00,5.00,0.1000,0
88.950,RECENTER,99.00,2.38,5.00,5.00,5.00,0.1000,0
88.960,RECENTER,99.00,2.36,5.00,5.00,5.00,0.1000,0
88.970,RECENTER,99.00,2.33,5.00,5.00,5.00,0.1000,0
88.980,RECENTER,99.00,2.31,5.00,5.00,5.00,0.1000,0
88.990,RECENTER,99.00,2.30,5.00,5.00,5.00,0.1000,0
89.000,RECENTER,99.00,2.27,5.00,5.00,5.00,0.1000,0
89.010,RECENTER,99.00,2.25,5.00,5.00,0.09,0.1000,0
89.020,RECENTER,99.00,2.23,5.00,5.00,0.31,0.1000,0
89.030,RECENTER,99.00,2.21,5.00,5.00,0.49,0.1000,0
89.040,RECENTER,99.00,2.19,5.00,5.00,0.64,0.1000,0
89.050,RECENTER,99.00,2.17,5.00,5.00,0.76,0.1000,0
89.060,RECENTER,99.00,2.16,5.00,5.00,0.86,0.1000,0
89.070,RECENTER,99.00,2.14,5.00,5.00,0.93,0.1000,0
89.080,RECENTER,99.00,2.12,5.00,5.00,0.97,0.1000,0
89.090,RECENTER,99.00,2.11,5.00,5.00,0.99,0.1000,0
89.100,RECENTER,99.00,2.10,5.00,5.00,0.98,0.1000,0
89.110,RECENTER,99.00,2.09,5.00,5.00,0.95,0.1000,0
89.120,RECENTER,99.00,2.07,5.00,5.00,0.89,0.1000,0
89.130,RECENTER,99.00,2.06,5.00,5.00,0.81,0.1000,0
89.140,RECENTER,99.00,2.06,5.00,5.00,0.71,0.1000,0
89.150,RECENTER,99.00,2.05,5.00,5.00,0.57,0.1000,0
89.160,RECENTER,99.00,2.04,5.00,5.00,0.38,0.1000,0
89.170,RECENTER,99.00,2.03,5.00,5.00,0.15,0.1000,0
89.180,RECENTER,99.00,2.03,5.00,5.00,5.00,0.1000,0
89.190,RECENTER,99.00,2.04,5.00,5.00,5.00,0.1000,0
89.200,RECENTER,99.00,2.04,5.00,5.00,5.00,0.1000,0
89.210,RECENTER,99.00,2.05,5.00,5.00,5.00,0.1000,0
89.220,RECENTER,99.00,2.06,5.00,5.00,5.00,0.1000,0
89.230,RECENTER,99.00,2.06,5.00,5.00,5.00,0.1000,0
89.240,RECENTER,99.00,2.06,5.00,5.00,5.00,0.1000,0
89.250,RECENTER,99.00,2.07,5.00,5.00,5.00,0.1000,0
89.260,RECENTER,99.00,2.07,5.00,5.00,5.00,0.1000,0
89.270,RECENTER,99.00,2.08,5.00,5.00,5.00,0.1000,0
89.280,RECENTER,99.00,2.08,5.00,5.00,5.00,0.1000,0
89.290,RECENTER,99.00,2.09,5.00,5.00,5.00,0.1000,0
89.300,RECENTER,99.00,2.09,5.00,5.00,5.00,0.1000,0
89.310,RECENTER,99.00,2.09,5.00,5.00,5.00,0.1000,0
89.320,RECENTER,99.00,2.10,5.00,5.00,5.00,0.1000,0
89.330,RECENTER,99.00,2.10,5.00,5.00,5.00,0.1000,0
89.340,RECENTER,99.00,2.11,5.00,5.00,5.00,0.1000,0
89.350,RECENTER,99.00,2.11,5.00,5.00,5.00,0.1000,0
89.360,RECENTER,99.00,2.11,5.00,5.00,5.00,0.1000,0
89.370,RECENTER,16.69,2.12,5.00,5.00,5.00,0.1000,0
89.380,RECENTER,16.72,2.12,5.00,5.00,5.00,0.1000,0
89.390,RECENTER,16.76,2.12,5.00,5.00,5.00,0.1000,0
89.400,RECENTER,16.80,2.13,5.00,5.00,5.00,0.1000,0
89.410,RECENTER,16.85,2.15,5.00,5.00,5.00,0.1000,0
89.420,RECENTER,16.89,2.13,5.00,5.00,5.00,0.1000,0
89.430,RECENTER,16.94,2.14,5.00,5.00,5.00,0.1000,0
89.440,RECENTER,16.99,2.14,5.00,5.00,5.00,0.1000,0
89.450,RECENTER,17.04,2.14,5.00,5.00,5.00,0.1000,0
89.460,RECENTER,17.09,2.14,5.00,5.00,5.00,0.1000,0
89.470,RECENTER,17.15,2.15,5.00,5.00,5.00,0.1000,0
89.480,RECENTER,99.00,2.15,5.00,5.00,5.00,0.1000,0
89.490,RECENTER,99.00,2.15,5.00,5.00,5.00,0.1000,0
89.500,RECENTER,99.00,2.15,5.00,5.00,5.00,0.1000,0
89.510,RECENTER,99.00,2.16,5.00,5.00,5.00,0.1000,0
89.520,RECENTER,99.00,2.16,5.00,5.00,5.00,0.1000,0
89.530,RECENTER,99.00,2.16,5.00,5.00,5.00,0.1000,0
89.540,RECENTER,99.00,2.16,5.00,5.00,5.00,0.1000,0
89.550,RECENTER,99.00,2.16,5.00,5.00,5.00,0.1000,0
89.560,RECENTER,99.00,2.16,5.00,5.00,5.00,0.1000,0
89.570,RECENTER,99.00,2.17,3.29,5.00,5.00,0.1000,0
89.580,RECENTER,99.00,2.17,3.01,5.00,5.00,0.1000,0
89.590,RECENTER,99.00,2.17,2.71,5.00,5.00,0.1000,0
89.600,RECENTER,99.00,2.17,2.41,5.00,5.00,0.1000,0
89.610,RECENTER,99.00,2.17,2.10,5.00,5.00,0.1000,0
89.620,RECENTER,99.00,2.17,1.79,5.00,5.00,0.1000,0
89.630,RECENTER,99.00,2.17,1.46,5.00,5.00,0.1000,0
89.640,RECENTER,99.00,2.17,1.13,5.00,5.00,0.1000,0
89.650,RECENTER,99.00,2.17,0.79,5.00,5.00,0.1000,0
89.660,RECENTER,99.00,2.18,0.77,5.00,5.00,0.1000,0
89.670,RECENTER,99.00,2.18,0.78,5.00,5.00,0.1000,0
89.680,RECENTER,99.00,2.18,0.78,5.00,5.00,0.1000,0
89.690,RECENTER,99.00,2.18,0.79,5.00,5.00,0.1000,0
89.700,RECENTER,99.00,2.18,0.79,5.00,5.00,0.1000,0
89.710,RECENTER,99.00,2.18,0.80,5.00,5.00,0.1000,0
89.720,RECENTER,99.00,2.18,0.80,5.00,5.00,0.1000,0
89.730,RECENTER,99.00,2.18,0.81,5.00,5.00,0.1000,0
89.740,RECENTER,99.00,2.18,0.81,5.00,5.00,0.1000,0
89.750,RECENTER,99.00,2.18,0.82,5.00,5.00,0.1000,0
89.760,RECENTER,99.00,2.18,0.82,5.00,5.00,0.1000,0
89.770,RECENTER,99.00,2.18,0.83,5.00,5.00,0.1000,0
89.780,RECENTER,99.00,2.18,0.83,5.00,5.00,0.1000,0
89.790,RECENTER,99.00,2.17,0.84,5.00,5.00,0.1000,0
89.800,RECENTER,99.00,2.17,0.84,5.00,5.00,0.1000,0
89.810,RECENTER,99.00,2.17,0.85,5.00,5.00,0.1000,0
89.820,RECENTER,99.00,2.17,0.85,5.00,5.00,0.1000,0
89.830,RECENTER,99.00,2.17,0.85,2.98,5.00,0.1000,0
89.840,RECENTER,99.00,2.17,0.86,2.57,5.00,0.1000,0
89.850,RECENTER,99.00,2.17,0.86,2.15,5.00,0.1000,0
89.860,RECENTER,99.00,2.17,0.87,1.71,5.00,0.1000,0
89.870,RECENTER,99.00,2.17,0.87,1.26,5.00,0.1000,0
89.880,RECENTER,99.00,2.16,0.87,0.80,5.00,0.1000,0
89.890,RECENTER,99.00,2.16,0.88,0.75,5.00,0.1000,0
89.900,RECENTER,99.00,2.16,0.88,0.75,5.00,0.1000,0
89.910,RECENTER,99.00,2.16,0.88,0.76,5.00,0.1000,0
89.920,RECENTER,99.00,2.16,0.89,0.76,5.00,0.1000,0
89.930,RECENTER,99.00,2.16,0.89,0.77,5.00,0.1000,0
89.940,RECENTER,99.00,2.15,0.89,0.77,5.00,0.1000,0
89.950,RECENTER,99.00,2.15,0.90,0.78,5.00,0.1000,0
89.960,RECENTER,99.00,2.15,0.90,0.78,5.00,0.1000,0
89.970,RECENTER,99.00,2.15,0.90,0.79,5.00,0.1000,0
89.980,RECENTER,99.00,2.14,0.90,0.79,5.00,0.1000,0
89.990,RECENTER,99.00,2.14,0.91,0.80,5.00,0.1000,0
90.000,RECENTER,99.00,2.14,0.91,0.80,5.00,0.1000,0
90.010,RECENTER,99.00,2.14,0.91,0.81,5.00,0.1000,0
90.020,RECENTER,99.00,2.13,0.91,0.81,5.00,0.1000,0
90.030,RECENTER,99.00,2.13,0.92,0.82,5.00,0.1000,0
90.040,RECENTER,99.00,2.13,0.92,0.82,5.00,0.1000,0
90.050,RECENTER,99.00,2.13,0.92,0.82,5.00,0.1000,0
103.470,WALL_FOLLOW,14.40,11.89,5.00,5.00,5.00,-0.0800,0
103.480,WALL_FOLLOW,14.32,11.88,5.00,5.00,5.00,-0.0800,0
103.490,WALL_FOLLOW,14.24,11.88,5.00,5.00,5.00,-0.0800,0
103.500,WALL_FOLLOW,14.15,11.88,5.00,5.00,5.00,-0.0800,0
103.510,WALL_FOLLOW,14.07,11.88,5.00,5.00,5.00,-0.0800,0
103.520,WALL_FOLLOW,13.99,11.88,5.00,5.00,5.00,-0.0800,0
103.530,WALL_FOLLOW,13.91,11.88,5.00,5.00,5.00,-0.0800,0
103.540,WALL_FOLLOW,13.83,11.88,5.00,5.00,5.00,-0.0800,0
103.550,WALL_FOLLOW,13.75,11.88,5.00,5.00,5.00,-0.0800,0
103.560,WALL_FOLLOW,13.66,11.88,5.00,5.00,5.00,-0.0800,0
103.570,WALL_FOLLOW,13.58,11.88,5.00,5.00,5.00,-0.0800,0
103.580,WALL_FOLLOW,13.50,11.88,5.00,5.00,5.00,-0.0800,0
103.590,WALL_FOLLOW,13.43,11.89,5.00,5.00,5.00,-0.0800,0
103.600,WALL_FOLLOW,13.35,11.90,5.00,5.00,5.00,-0.0800,0
103.610,WALL_FOLLOW,13.27,11.90,5.00,5.00,5.00,-0.0800,0
103.620,WALL_FOLLOW,13.19,11.91,5.00,5.00,5.00,-0.0800,0
103.630,WALL_FOLLOW,13.11,11.92,5.00,5.00,5.00,-0.0800,0
103.640,WALL_FOLLOW,13.04,11.92,5.00,5.00,5.00,-0.0800,0
103.650,WALL_FOLLOW,12.96,11.93,5.00,5.00,5.00,-0.0800,0
103.660,WALL_FOLLOW,12.89,11.94,5.00,5.00,5.00,-0.0800,0
103.670,WALL_FOLLOW,12.81,11.95,5.00,5.00,5.00,-0.0800,0
103.680,WALL_FOLLOW,12.74,11.96,5.00,5.00,5.00,-0.0800,0
103.690,WALL_FOLLOW,12.66,11.97,5.00,5.00,5.00,-0.0800,0
103.700,WALL_FOLLOW,12.58,11.98,5.00,5.00,5.00,-0.0800,0
103.710,WALL_FOLLOW,12.51,11.99,5.00,5.00,5.00,-0.0800,0
103.720,WALL_FOLLOW,12.44,12.00,5.00,5.00,5.00,-0.0800,0
103.730,WALL_FOLLOW,12.37,12.00,5.00,5.00,5.00,-0.0800,0
103.740,WALL_FOLLOW,12.30,12.01,5.00,5.00,5.00,-0.0800,0
103.750,WALL_FOLLOW,12.22,12.03,5.00,5.00,5.00,-0.0800,0
103.760,WALL_FOLLOW,12.15,12.04,5.00,5.00,5.00,-0.0800,0
103.770,WALL_FOLLOW,12.08,12.05,5.00,5.00,5.00,-0.0800,0
103.780,WALL_FOLLOW,12.01,12.06,5.00,5.00,5.00,-0.0800,0
103.790,WALL_FOLLOW,11.94,12.07,5.00,5.00,5.00,-0.0800,0
103.800,WALL_FOLLOW,11.87,12.08,5.00,5.00,5.00,-0.0800,0
103.810,WALL_FOLLOW,11.80,12.09,5.00,5.00,5.00,-0.0800,0
103.820,WALL_FOLLOW,11.73,12.10,5.00,5.00,5.00,-0.0800,0
103.830,WALL_FOLLOW,11.66,12.11,5.00,5.00,5.00,-0.0800,0
103.840,WALL_FOLLOW,11.59,12.12,5.00,5.00,5.00,-0.0800,0
103.850,WALL_FOLLOW,11.53,12.13,5.00,5.00,5.00,-0.0800,0
103.860,WALL_FOLLOW,11.46,12.14,5.00,5.00,5.00,-0.0800,0
103.870,WALL_FOLLOW,11.39,12.16,5.00,5.00,5.00,-0.0800,0
103.880,WALL_FOLLOW,11.33,12.17,5.00,5.00,5.00,-0.0800,0
103.890,WALL_FOLLOW,11.26,12.18,5.00,5.00,5.00,-0.0800,0
103.900,WALL_FOLLOW,11.19,12.19,5.00,5.00,5.00,-0.0800,0
103.910,WALL_FOLLOW,11.13,12.20,5.00,5.00,5.00,-0.0800,0
103.920,WALL_FOLLOW,11.06,12.21,5.00,5.00,5.00,-0.0800,0
103.930,WALL_FOLLOW,11.00,12.22,5.00,5.00,5.00,-0.0800,0
103.940,WALL_FOLLOW,10.93,12.24,5.00,5.00,5.00,-0.0800,0
103.950,WALL_FOLLOW,10.87,12.25,5.00,5.00,5.00,-0.0800,0
103.960,WALL_FOLLOW,10.81,12.26,5.00,5.00,5.00,-0.0800,0
103.970,WALL_FOLLOW,10.74,12.27,5.00,5.00,5.00,-0.0800,0
103.980,WALL_FOLLOW,10.68,12.28,5.00,5.00,5.00,-0.0800,0
103.990,WALL_FOLLOW,10.62,12.30,5.00,5.00,5.00,-0.0800,0
104.000,WALL_FOLLOW,10.56,12.31,5.00,5.00,5.00,-0.0800,0
104.010,WALL_FOLLOW,10.50,12.32,5.00,5.00,5.00,-0.0800,0
104.020,WALL_FOLLOW,10.44,12.33,5.00,5.00,5.00,-0.0800,0
104.030,WALL_FOLLOW,10.38,12.35,5.00,5.00,5.00,-0.0800,0
104.040,WALL_FOLLOW,10.31,12.36,5.00,5.00,5.00,-0.0800,0
104.050,WALL_FOLLOW,10.26,12.37,5.00,5.00,5.00,-0.0800,0
104.060,WALL_FOLLOW,10.20,12.38,5.00,5.00,5.00,-0.0800,0
104.070,WALL_FOLLOW,10.14,12.39,5.00,5.00,5.00,-0.0800,0
104.080,WALL_FOLLOW,10.08,12.41,5.00,5.00,5.00,-0.0800,0
104.090,WALL_FOLLOW,10.02,12.42,5.00,5.00,5.00,-0.0800,0
104.100,WALL_FOLLOW,9.96,12.43,5.00,5.00,5.00,-0.0800,0
104.110,WALL_FOLLOW,9.91,12.44,5.00,5.00,5.00,-0.0800,0
104.120,WALL_FOLLOW,9.85,12.46,5.00,5.00,5.00,-0.0800,0
104.130,WALL_FOLLOW,9.79,12.47,5.00,5.00,5.00,-0.0800,0
104.140,WALL_FOLLOW,9.74,12.48,5.00,5.00,5.00,-0.0800,0
104.150,WALL_FOLLOW,9.68,12.49,5.00,5.00,5.00,-0.0800,0
104.160,WALL_FOLLOW,9.62,12.51,5.00,5.00,5.00,-0.0800,0
104.170,WALL_FOLLOW,9.57,12.52,5.00,5.00,5.00,-0.0800,0
104.180,WALL_FOLLOW,9.52,12.53,5.00,5.00,5.00,-0.0800,0
104.190,WALL_FOLLOW,9.46,12.55,5.00,5.00,5.00,-0.0800,0
104.200,WALL_FOLLOW,9.41,12.56,5.00,5.00,5.00,-0.0800,0
104.210,WALL_FOLLOW,9.35,12.57,5.00,5.00,5.00,-0.0800,0
104.220,WALL_FOLLOW,9.30,12.58,5.00,5.00,5.00,-0.0800,0
104.230,WALL_FOLLOW,9.25,12.60,5.00,5.00,5.00,-0.0800,0
104.240,WALL_FOLLOW,9.20,12.61,5.00,5.00,5.00,-0.0800,0
104.250,WALL_FOLLOW,9.15,12.62,5.00,5.00,5.00,-0.0800,0
104.260,WALL_FOLLOW,9.10,12.64,5.00,5.00,5.00,-0.0800,0
104.270,WALL_FOLLOW,9.05,12.65,5.00,5.00,5.00,-0.0800,0
104.280,WALL_FOLLOW,8.99,12.66,5.00,5.00,5.00,-0.0800,0
104.290,WALL_FOLLOW,8.94,12.67,5.00,5.00,5.00,-0.0800,0
104.300,WALL_FOLLOW,8.89,12.69,5.00,5.00,5.00,-0.0800,0
104.310,WALL_FOLLOW,8.85,12.70,5.00,5.00,5.00,-0.0800,0
104.320,WALL_FOLLOW,8.80,12.71,5.00,5.00,5.00,-0.0800,0
104.330,WALL_FOLLOW,8.75,12.73,5.00,5.00,5.00,-0.0800,0
104.340,WALL_FOLLOW,8.70,12.74,5.00,5.00,5.00,-0.0800,0
104.350,WALL_FOLLOW,8.65,12.75,5.00,5.00,5.00,-0.0800,0
104.360,WALL_FOLLOW,8.61,12.76,5.00,5.00,5.00,-0.0800,0
104.370,WALL_FOLLOW,8.56,12.78,5.00,5.00,5.00,-0.0800,0
104.380,WALL_FOLLOW,8.51,12.79,5.00,5.00,5.00,-0.0800,0
104.390,WALL_FOLLOW,8.47,12.80,5.00,5.00,5.00,-0.0800,0
104.400,WALL_FOLLOW,8.42,12.81,5.00,5.00,5.00,-0.0800,0
104.410,WALL_FOLLOW,8.38,12.83,5.00,5.00,5.00,-0.0800,0
104.420,WALL_FOLLOW,8.33,12.84,5.00,5.00,5.00,-0.0800,0
104.430,WALL_FOLLOW,8.29,12.85,5.00,5.00,5.00,-0.0800,0
104.440,WALL_FOLLOW,8.25,12.86,5.00,5.00,5.00,-0.0800,0
104.450,WALL_FOLLOW,8.20,12.88,5.00,5.00,5.00,-0.0800,0
104.460,WALL_FOLLOW,8.16,12.89,5.00,5.00,5.00,-0.0800,0
104.470,WALL_FOLLOW,8.12,12.90,5.00,5.00,5.00,-0.0800,0
104.480,WALL_FOLLOW,8.08,12.91,5.00,5.00,5.00,-0.0800,0
104.490,WALL_FOLLOW,8.04,12.93,5.00,5.00,5.00,-0.0800,0
104.500,WALL_FOLLOW,7.99,12.94,5.00,5.00,5.00,-0.0800,0
104.510,WALL_FOLLOW,7.95,12.95,5.00,5.00,5.00,-0.0800,0
104.520,WALL_FOLLOW,7.91,12.96,5.00,5.00,5.00,-0.0800,0
104.530,WALL_FOLLOW,7.87,12.98,5.00,5.00,5.00,-0.0800,0
104.540,WALL_FOLLOW,7.83,12.99,5.00,5.00,5.00,-0.0800,0
104.550,WALL_FOLLOW,7.79,13.00,5.00,5.00,5.00,-0.0800,0
104.560,WALL_FOLLOW,7.75,13.02,5.00,5.00,5.00,-0.0800,0
104.570,WALL_FOLLOW,7.71,13.03,5.00,5.00,5.00,-0.0800,0
104.580,WALL_FOLLOW,7.67,13.04,5.00,5.00,5.00,-0.0800,0
104.590,WALL_FOLLOW,7.63,13.06,5.00,5.00,5.00,-0.0800,0
104.600,WALL_FOLLOW,7.59,13.07,5.00,5.00,5.00,-0.0800,0
104.610,WALL_FOLLOW,7.56,13.08,5.00,5.00,5.00,-0.0800,0
104.620,WALL_FOLLOW,7.52,13.10,5.00,5.00,5.00,-0.0800,0
104.630,WALL_FOLLOW,7.48,13.11,5.00,5.00,5.00,-0.0800,0
104.640,WALL_FOLLOW,7.44,13.12,5.00,5.00,5.00,-0.0800,0
104.650,WALL_FOLLOW,7.39,13.14,5.00,5.00,5.00,-0.0800,0
104.660,WALL_FOLLOW,7.36,13.15,5.00,5.00,5.00,-0.0800,0
104.670,WALL_FOLLOW,7.32,13.16,5.00,5.00,5.00,-0.0800,0
104.680,WALL_FOLLOW,7.28,13.18,5.00,5.00,5.00,-0.0800,0
104.690,WALL_FOLLOW,7.24,13.19,5.00,5.00,5.00,-0.0800,0
104.700,WALL_FOLLOW,7.20,13.20,5.00,5.00,5.00,-0.0800,0
104.710,WALL_FOLLOW,7.16,13.26,5.00,5.00,5.00,-0.0800,0
104.720,WALL_FOLLOW,7.12,13.27,5.00,5.00,5.00,-0.0800,0
104.730,WALL_FOLLOW,7.08,13.28,5.00,5.00,5.00,-0.0800,0
104.740,WALL_FOLLOW,7.05,13.26,5.00,5.00,5.00,-0.0800,0
104.750,WALL_FOLLOW,7.01,13.27,5.00,5.00,5.00,-0.0800,0
104.760,WALL_FOLLOW,6.96,13.29,5.00,5.00,5.00,-0.0800,0
104.770,WALL_FOLLOW,6.93,13.30,5.00,5.00,5.00,-0.0800,0
104.780,WALL_FOLLOW,6.89,13.31,5.00,5.00,4.98,-0.0800,0
104.790,WALL_FOLLOW,6.85,13.33,5.00,5.00,4.97,-0.0800,0
104.800,WALL_FOLLOW,6.81,13.34,5.00,5.00,5.00,-0.0800,0
104.810,WALL_FOLLOW,6.77,13.35,5.00,5.00,5.00,-0.0800,0
104.820,WALL_FOLLOW,6.73,13.37,5.00,5.00,5.00,-0.0800,0
104.830,WALL_FOLLOW,6.69,13.38,5.00,5.00,5.00,-0.0800,0
104.840,WALL_FOLLOW,6.66,13.40,5.00,5.00,5.00,-0.0800,0
104.850,WALL_FOLLOW,6.62,13.41,5.00,5.00,5.00,-0.0800,0
104.860,WALL_FOLLOW,6.58,13.43,5.00,5.00,5.00,-0.0800,0
104.870,WALL_FOLLOW,6.54,13.48,5.00,5.00,5.00,-0.0800,0
104.880,WALL_FOLLOW,6.50,13.45,5.00,5.00,5.00,-0.0800,0
104.890,WALL_FOLLOW,6.46,13.47,5.00,5.00,5.00,-0.0800,0
104.900,WALL_FOLLOW,6.42,13.48,5.00,5.00,5.00,-0.0800,0
104.910,WALL_FOLLOW,6.38,13.50,5.00,5.00,5.00,-0.0800,0
104.920,WALL_FOLLOW,6.35,13.51,5.00,5.00,5.00,-0.0800,0
104.930,WALL_FOLLOW,6.31,13.53,5.00,5.00,5.00,-0.0800,0
104.940,WALL_FOLLOW,6.27,13.54,5.00,5.00,5.00,-0.0800,0
104.950,WALL_FOLLOW,6.23,13.56,5.00,5.00,5.00,-0.0800,0
104.960,WALL_FOLLOW,6.19,13.57,5.00,5.00,5.00,-0.0800,0
104.970,WALL_FOLLOW,6.15,13.59,5.00,5.00,5.00,-0.0800,0
104.980,WALL_FOLLOW,6.11,13.60,5.00,5.00,5.00,-0.0800,0
104.990,WALL_FOLLOW,6.08,13.62,5.00,5.00,5.00,-0.0800,0
105.000,WALL_FOLLOW,6.04,13.63,5.00,5.00,5.00,-0.0800,0
105.010,WALL_FOLLOW,6.00,13.65,5.00,5.00,5.00,-0.0800,0
105.020,WALL_FOLLOW,5.96,13.66,5.00,5.00,5.00,-0.0800,0
105.030,WALL_FOLLOW,5.92,13.68,5.00,5.00,5.00,-0.0800,0
105.040,WALL_FOLLOW,5.88,13.70,5.00,5.00,5.00,-0.0800,0
105.050,WALL_FOLLOW,5.85,13.71,5.00,5.00,5.00,-0.0800,0
105.060,WALL_FOLLOW,5.81,13.73,5.00,5.00,5.00,-0.0800,0
105.070,WALL_FOLLOW,5.77,13.74,5.00,5.00,5.00,-0.0800,0
105.080,WALL_FOLLOW,5.73,13.76,5.00,5.00,5.00,-0.0800,0
105.090,WALL_FOLLOW,5.69,13.78,5.00,5.00,5.00,-0.0800,0
105.100,WALL_FOLLOW,5.66,13.79,5.00,5.00,5.00,-0.0800,0
105.110,WALL_FOLLOW,5.62,13.81,5.00,5.00,5.00,-0.0800,0
105.120,WALL_FOLLOW,5.58,13.82,5.00,5.00,5.00,-0.0800,0
105.130,WALL_FOLLOW,5.54,13.84,5.00,5.00,5.00,-0.0800,0
105.140,WALL_FOLLOW,5.50,13.86,5.00,5.00,5.00,-0.0800,0
105.150,WALL_FOLLOW,5.47,13.87,5.00,5.00,5.00,-0.0800,0
105.160,WALL_FOLLOW,5.43,13.89,5.00,5.00,5.00,-0.0800,0
105.170,WALL_FOLLOW,5.39,13.91,5.00,5.00,5.00,-0.0800,0
105.180,WALL_FOLLOW,5.35,13.92,5.00,5.00,5.00,-0.0800,0
105.190,WALL_FOLLOW,5.31,13.94,5.00,5.00,5.00,-0.0800,0
105.200,WALL_FOLLOW,5.28,13.96,5.00,5.00,5.00,-0.0800,0
105.210,WALL_FOLLOW,5.24,13.97,5.00,5.00,5.00,-0.0800,0
105.220,WALL_FOLLOW,5.20,13.99,5.00,5.00,5.00,-0.0800,0
105.230,WALL_FOLLOW,5.17,14.01,5.00,5.00,5.00,-0.0800,0
105.240,WALL_FOLLOW,5.13,14.02,5.00,5.00,5.00,-0.0800,0
105.250,WALL_FOLLOW,5.10,14.04,5.00,5.00,5.00,-0.0800,0
105.260,WALL_FOLLOW,5.07,14.06,5.00,5.00,5.00,-0.0800,0
105.270,WALL_FOLLOW,5.09,14.08,5.00,5.00,5.00,-0.0800,0
105.280,WALL_FOLLOW,5.06,14.09,5.00,5.00,5.00,-0.0800,0
105.290,WALL_FOLLOW,4.99,14.11,5.00,5.00,5.00,-0.0800,0
105.300,WALL_FOLLOW,4.96,14.13,5.00,5.00,5.00,-0.0800,0
105.310,WALL_FOLLOW,4.94,14.15,5.00,5.00,5.00,-0.0800,0
105.320,WALL_FOLLOW,4.92,14.16,5.00,5.00,5.00,-0.0800,0
105.330,WALL_FOLLOW,4.92,14.18,5.00,5.00,5.00,-0.0800,0
105.340,WALL_FOLLOW,4.97,14.20,5.00,5.00,5.00,-0.0800,0
105.350,WALL_FOLLOW,5.08,14.22,5.00,5.00,5.00,-0.0800,0
105.360,WALL_FOLLOW,5.19,14.23,5.00,5.00,5.00,-0.0800,0
105.370,WALL_FOLLOW,5.33,14.25,5.00,5.00,5.00,-0.0800,0
105.380,WALL_FOLLOW,5.52,14.27,5.00,5.00,5.00,-0.0800,0
105.390,WALL_FOLLOW,5.70,14.29,5.00,5.00,5.00,-0.0800,0
105.400,WALL_FOLLOW,5.89,14.31,5.00,5.00,5.00,-0.0800,0
105.410,WALL_FOLLOW,6.09,14.32,5.00,5.00,5.00,-0.0800,0
105.420,WALL_FOLLOW,6.29,14.34,5.00,5.00,5.00,-0.0800,0
105.430,WALL_FOLLOW,6.50,14.36,5.00,5.00,5.00,-0.0800,0
105.440,WALL_FOLLOW,6.72,14.38,5.00,5.00,5.00,-0.0800,0
105.450,WALL_FOLLOW,6.94,14.40,5.00,5.00,5.00,-0.0800,0
105.460,WALL_FOLLOW,7.16,14.42,5.00,5.00,5.00,-0.0800,0
105.470,WALL_FOLLOW,7.39,14.43,5.00,5.00,5.00,-0.0800,0
105.480,WALL_FOLLOW,7.62,14.45,5.00,5.00,5.00,-0.0800,0
105.490,WALL_FOLLOW,7.86,14.47,5.00,5.00,5.00,-0.0800,0
105.500,WALL_FOLLOW,8.11,14.49,5.00,5.00,5.00,-0.0800,0
105.510,WALL_FOLLOW,8.37,14.51,5.00,5.00,5.00,-0.0800,0
105.520,WALL_FOLLOW,8.63,14.53,5.00,5.00,5.00,-0.0800,0
105.530,WALL_FOLLOW,8.90,14.55,5.00,5.00,5.00,-0.0800,0
105.540,WALL_FOLLOW,9.17,14.57,5.00,5.00,5.00,-0.0800,0
105.550,WALL_FOLLOW,9.45,14.59,5.00,5.00,5.00,-0.0800,0
105.560,WALL_FOLLOW,9.74,14.61,5.00,5.00,5.00,-0.0800,0
105.570,WALL_FOLLOW,10.04,14.63,5.00,5.00,5.00,-0.0800,0
105.580,WALL_FOLLOW,10.35,14.65,5.00,5.00,5.00,-0.0800,0
105.590,WALL_FOLLOW,10.66,14.67,5.00,5.00,5.00,-0.0800,0
105.600,WALL_FOLLOW,10.99,14.69,5.00,5.00,5.00,-0.0800,0
105.610,WALL_FOLLOW,11.32,14.70,5.00,5.00,5.00,-0.0800,0
105.620,WALL_FOLLOW,11.67,14.72,5.00,5.00,5.00,-0.0800,0
105.630,WALL_FOLLOW,12.02,14.74,5.00,5.00,5.00,-0.0800,0
105.640,WALL_FOLLOW,50.02,14.76,5.00,5.00,5.00,-0.0800,0
105.650,WALL_FOLLOW,49.91,14.78,5.00,5.00,5.00,-0.0800,0
105.660,WALL_FOLLOW,49.80,4.80,5.00,5.00,5.00,-0.0800,0
105.670,WALL_FOLLOW,49.69,4.72,5.00,5.00,5.00,-0.0800,0
105.680,WALL_FOLLOW,49.58,4.65,5.00,5.00,5.00,-0.0800,0
105.690,WALL_FOLLOW,49.48,4.58,5.00,5.00,5.00,-0.0800,0
105.700,WALL_FOLLOW,49.37,4.51,5.00,5.00,5.00,-0.0800,0
105.710,WALL_FOLLOW,49.26,4.44,5.00,5.00,5.00,0.1541,1
105.720,WALL_FOLLOW,49.16,4.37,5.00,5.00,5.00,0.1471,1
105.730,WALL_FOLLOW,49.06,4.30,5.00,5.00,5.00,0.1403,1
105.740,WALL_FOLLOW,48.98,4.24,5.00,5.00,5.00,0.1337,1
105.750,WALL_FOLLOW,48.90,4.17,5.00,5.00,5.00,0.1274,1
105.760,WALL_FOLLOW,48.83,4.12,5.00,5.00,5.00,0.1217,1
105.770,WALL_FOLLOW,48.76,4.06,5.00,5.00,5.00,0.1161,1
105.780,WALL_FOLLOW,48.70,4.00,5.00,5.00,5.00,0.1104,1
105.790,WALL_FOLLOW,48.65,3.95,5.00,5.00,5.00,0.1048,1
105.800,WALL_FOLLOW,48.59,3.89,5.00,5.00,5.00,0.0992,1
105.810,WALL_FOLLOW,48.55,3.84,5.00,5.00,5.00,0.0936,1
105.820,WALL_FOLLOW,48.50,3.78,5.00,5.00,5.00,0.0880,1
105.830,WALL_FOLLOW,48.46,3.72,5.00,5.00,5.00,0.0824,1
105.840,WALL_FOLLOW,48.41,3.67,5.00,5.00,5.00,0.0768,1
105.850,WALL_FOLLOW,48.37,3.61,5.00,5.00,5.00,0.0712,1
105.860,WALL_FOLLOW,48.34,3.56,5.00,5.00,5.00,0.0657,1
105.870,WALL_FOLLOW,48.30,3.50,5.00,5.00,5.00,0.0601,1
105.880,WALL_FOLLOW,48.26,3.45,5.00,5.00,5.00,0.0546,1
105.890,WALL_FOLLOW,48.23,3.39,5.00,5.00,5.00,0.0490,1
105.900,WALL_FOLLOW,48.20,3.33,5.00,5.00,5.00,0.0435,1
105.910,WALL_FOLLOW,48.17,3.28,5.00,5.00,5.00,0.0380,1
105.920,WALL_FOLLOW,48.14,3.22,5.00,5.00,5.00,0.0324,1
105.930,WALL_FOLLOW,48.11,3.17,5.00,5.00,5.00,0.0269,1
105.940,WALL_FOLLOW,48.08,3.12,5.00,5.00,5.00,0.0216,1
105.950,WALL_FOLLOW,48.05,3.07,5.00,5.00,5.00,0.0166,1
105.960,WALL_FOLLOW,48.03,3.02,5.00,5.00,5.00,0.0118,1
105.970,WALL_FOLLOW,48.00,2.97,5.00,5.00,5.00,0.0070,1
105.980,WALL_FOLLOW,47.97,2.92,5.00,5.00,5.00,0.0022,1
105.990,WALL_FOLLOW,47.95,2.87,5.00,5.00,5.00,-0.0026,1
106.000,WALL_FOLLOW,47.93,2.83,5.00,5.00,5.00,-0.0074,1
106.010,WALL_FOLLOW,47.90,2.78,5.00,5.00,5.00,-0.0122,1
106.020,WALL_FOLLOW,47.88,2.73,5.00,5.00,5.00,-0.0170,1
106.030,WALL_FOLLOW,47.86,2.68,5.00,5.00,5.00,-0.0218,1
106.050,RECENTER,47.81,2.59,5.00,5.00,5.00,0.1000,0
106.060,RECENTER,47.78,2.54,5.00,5.00,5.00,0.1000,0
106.070,RECENTER,47.76,2.50,5.00,5.00,5.00,0.1000,0
106.080,RECENTER,47.75,2.46,5.00,5.00,5.00,0.1000,0
106.090,RECENTER,47.75,2.43,5.00,5.00,5.00,0.1000,0
106.100,RECENTER,47.76,2.41,5.00,5.00,5.00,0.1000,0
106.110,RECENTER,47.78,2.40,5.00,5.00,5.00,0.1000,0
106.120,RECENTER,47.81,2.34,5.00,5.00,5.00,0.1000,0
106.130,RECENTER,47.84,2.31,5.00,5.00,5.00,0.1000,0
106.140,RECENTER,47.87,2.30,5.00,5.00,5.00,0.1000,0
106.150,RECENTER,47.91,2.28,5.00,5.00,5.00,0.1000,0
106.160,RECENTER,47.95,2.24,5.00,5.00,5.00,0.1000,0
106.170,RECENTER,73.53,2.22,5.00,5.00,5.00,0.1000,0
106.180,RECENTER,73.54,2.22,5.00,5.00,5.00,0.1000,0
106.190,RECENTER,99.00,2.18,5.00,5.00,5.00,0.1000,0
106.200,RECENTER,52.55,2.15,5.00,5.00,5.00,0.1000,0
106.210,RECENTER,99.00,2.13,5.00,5.00,5.00,0.1000,0
106.220,RECENTER,99.00,2.11,5.00,5.00,5.00,0.1000,0
106.230,RECENTER,99.00,2.10,5.00,5.00,0.09,0.1000,0
106.240,RECENTER,99.00,2.07,5.00,5.00,0.31,0.1000,0
106.250,RECENTER,99.00,2.05,5.00,5.00,0.49,0.1000,0
106.260,RECENTER,99.00,2.03,5.00,5.00,0.64,0.1000,0
106.270,RECENTER,99.00,2.01,5.00,5.00,0.77,0.1000,0
106.280,RECENTER,73.06,1.99,5.00,5.00,0.86,0.1000,0
106.290,RECENTER,72.90,1.97,5.00,5.00,0.93,0.1000,0
106.300,RECENTER,72.75,1.95,5.00,5.00,0.98,0.1000,0
106.310,RECENTER,72.79,1.94,5.00,5.00,0.99,0.1000,0
106.320,RECENTER,51.96,1.92,5.00,5.00,0.98,0.1000,0
106.330,RECENTER,99.00,1.91,5.00,5.00,0.95,0.1000,0
106.340,RECENTER,99.00,1.90,5.00,5.00,0.89,0.1000,0
106.350,RECENTER,99.00,1.89,5.00,5.00,0.81,0.1000,0
106.360,RECENTER,99.00,1.88,5.00,5.00,0.71,0.1000,0
106.370,RECENTER,99.00,1.87,5.00,5.00,0.57,0.1000,0
106.380,RECENTER,99.00,1.86,5.00,5.00,0.38,0.1000,0
106.390,RECENTER,99.00,1.85,5.00,5.00,0.15,0.1000,0
106.400,RECENTER,72.36,1.85,5.00,5.00,5.00,0.1000,0
106.410,RECENTER,72.17,1.86,5.00,5.00,5.00,0.1000,0
106.420,RECENTER,72.18,1.86,5.00,5.00,5.00,0.1000,0
106.430,RECENTER,99.00,1.87,5.00,5.00,5.00,0.1000,0
106.440,RECENTER,99.00,1.88,5.00,5.00,5.00,0.1000,0
106.450,RECENTER,99.00,1.88,5.00,5.00,5.00,0.1000,0
106.460,RECENTER,99.00,1.89,5.00,5.00,5.00,0.1000,0
106.470,RECENTER,99.00,1.89,5.00,5.00,5.00,0.1000,0
106.480,RECENTER,99.00,1.89,5.00,5.00,5.00,0.1000,0
106.490,RECENTER,99.00,1.90,5.00,5.00,5.00,0.1000,0
106.500,RECENTER,71.74,1.90,5.00,5.00,5.00,0.1000,0
106.510,RECENTER,71.61,1.91,5.00,5.00,5.00,0.1000,0
106.520,RECENTER,71.68,1.91,5.00,5.00,5.00,0.1000,0
106.530,RECENTER,99.00,1.92,5.00,5.00,5.00,0.1000,0
106.540,RECENTER,99.00,1.92,5.00,5.00,5.00,0.1000,0
106.550,RECENTER,99.00,1.93,5.00,5.00,5.00,0.1000,0
106.560,RECENTER,79.99,1.93,5.00,5.00,5.00,0.1000,0
106.570,RECENTER,79.91,1.94,5.00,5.00,5.00,0.1000,0
106.580,RECENTER,50.54,1.94,5.00,5.00,5.00,0.1000,0
106.590,RECENTER,16.40,1.94,5.00,5.00,5.00,0.1000,0
106.600,RECENTER,16.43,1.95,5.00,5.00,5.00,0.1000,0
106.610,RECENTER,16.47,1.95,5.00,5.00,5.00,0.1000,0
106.620,RECENTER,16.51,1.95,5.00,5.00,5.00,0.1000,0
106.630,RECENTER,16.55,1.96,5.00,5.00,5.00,0.1000,0
106.640,RECENTER,16.59,1.96,5.00,5.00,5.00,0.1000,0
106.650,RECENTER,16.64,1.96,5.00,5.00,5.00,0.1000,0
106.660,RECENTER,16.69,1.97,5.00,5.00,5.00,0.1000,0
106.670,RECENTER,16.73,1.97,5.00,5.00,5.00,0.1000,0
106.680,RECENTER,16.78,1.97,5.00,5.00,5.00,0.1000,0
106.690,RECENTER,16.83,1.98,5.00,5.00,5.00,0.1000,0
106.700,RECENTER,70.57,1.98,5.00,5.00,5.00,0.1000,0
106.710,RECENTER,70.63,1.98,5.00,5.00,5.00,0.1000,0
106.720,RECENTER,79.06,1.98,5.00,5.00,5.00,0.1000,0
106.730,RECENTER,79.04,1.99,5.00,5.00,5.00,0.1000,0
106.740,RECENTER,78.98,1.99,5.00,5.00,5.00,0.1000,0
106.750,RECENTER,79.14,1.99,5.00,5.00,5.00,0.1000,0
106.760,RECENTER,99.00,1.99,5.00,5.00,5.00,0.1000,0
106.770,RECENTER,99.00,2.00,5.00,5.00,5.00,0.1000,0
106.780,RECENTER,70.24,2.00,5.00,5.00,5.00,0.1000,0
106.790,RECENTER,70.05,2.00,3.04,5.00,5.00,0.1000,0
106.800,RECENTER,70.09,2.00,2.76,5.00,5.00,0.1000,0
106.810,RECENTER,78.57,2.00,2.47,5.00,5.00,0.1000,0
106.820,RECENTER,78.24,2.00,2.18,5.00,5.00,0.1000,0
106.830,RECENTER,78.45,2.01,1.88,5.00,5.00,0.1000,0
106.840,RECENTER,78.78,2.01,1.57,5.00,5.00,0.1000,0
106.850,RECENTER,99.00,2.01,1.26,5.00,5.00,0.1000,0
106.860,RECENTER,99.00,2.01,0.94,5.00,5.00,0.1000,0
106.870,RECENTER,69.79,2.02,0.61,5.00,5.00,0.1000,0
106.880,RECENTER,69.60,2.01,0.59,5.00,5.00,0.1000,0
106.890,RECENTER,48.88,2.01,0.60,5.00,5.00,0.1000,0
106.900,RECENTER,69.62,2.01,0.60,5.00,5.00,0.1000,0
106.910,RECENTER,77.86,2.01,0.61,5.00,5.00,0.1000,0
106.920,RECENTER,77.94,2.02,0.62,5.00,5.00,0.1000,0
106.930,RECENTER,73.61,2.02,0.62,5.00,5.00,0.1000,0
106.940,RECENTER,73.55,2.02,0.63,5.00,5.00,0.1000,0
106.950,RECENTER,73.54,2.02,0.63,5.00,5.00,0.1000,0
106.960,RECENTER,77.95,2.02,0.64,5.00,5.00,0.1000,0
106.970,RECENTER,69.15,2.02,0.64,5.00,5.00,0.1000,0
106.980,RECENTER,69.02,2.02,0.65,5.00,5.00,0.1000,0
106.990,RECENTER,69.08,2.02,0.65,5.00,5.00,0.1000,0
107.000,RECENTER,77.52,2.02,0.66,5.00,5.00,0.1000,0
107.010,RECENTER,77.44,2.02,0.66,5.00,5.00,0.1000,0
107.020,RECENTER,71.65,2.02,0.67,5.00,5.00,0.1000,0
107.030,RECENTER,71.57,2.02,0.67,5.00,5.00,0.1000,0
107.040,RECENTER,48.11,2.02,0.68,3.03,5.00,0.1000,0
107.050,RECENTER,77.44,2.01,0.68,2.65,5.00,0.1000,0
107.060,RECENTER,68.70,2.01,0.69,2.25,5.00,0.1000,0
107.070,RECENTER,68.50,2.01,0.69,1.85,5.00,0.1000,0
107.080,RECENTER,68.56,2.01,0.69,1.43,5.00,0.1000,0
107.090,RECENTER,77.03,2.01,0.70,1.00,5.00,0.1000,0
107.100,RECENTER,78.69,2.01,0.70,0.56,5.00,0.1000,0
107.110,RECENTER,47.77,2.01,0.71,0.57,5.00,0.1000,0
107.120,RECENTER,69.76,2.01,0.71,0.57,5.00,0.1000,0
107.130,RECENTER,69.71,2.01,0.71,0.58,5.00,0.1000,0
107.140,RECENTER,69.75,2.00,0.72,0.59,5.00,0.1000,0
107.150,RECENTER,68.24,2.00,0.72,0.59,5.00,0.1000,0
107.160,RECENTER,68.05,2.00,0.72,0.60,5.00,0.1000,0
107.170,RECENTER,68.04,2.00,0.73,0.60,5.00,0.1000,0
107.180,RECENTER,76.78,2.00,0.73,0.61,5.00,0.1000,0
107.190,RECENTER,78.18,2.00,0.73,0.61,5.00,0.1000,0
107.200,RECENTER,78.14,1.99,0.74,0.62,5.00,0.1000,0
107.210,RECENTER,68.13,1.99,0.74,0.62,5.00,0.1000,0
107.220,RECENTER,68.05,1.99,0.74,0.63,5.00,0.1000,0
107.230,RECENTER,68.04,1.99,0.74,0.63,5.00,0.1000,0
107.240,RECENTER,67.78,1.98,0.75,0.64,5.00,0.1000,0
107.250,RECENTER,67.58,1.98,0.75,0.64,5.00,0.1000,0
107.260,RECENTER,66.50,1.98,0.75,0.65,5.00,0.1000,0
107.270,RECENTER,66.34,1.98,0.75,0.65,5.00,0.1000,0
107.280,RECENTER,66.28,1.97,0.76,0.66,5.00,0.1000,0
107.290,RECENTER,66.29,1.97,0.76,0.66,3.09,0.1000,0
107.300,RECENTER,66.66,1.97,0.76,0.67,2.49,0.1000,0
107.310,RECENTER,66.53,1.96,0.76,0.67,1.85,0.1000,0
107.320,RECENTER,42.04,1.96,0.76,0.67,1.19,0.1000,0
107.330,RECENTER,66.59,1.96,0.77,0.68,0.59,0.1000,0
107.340,RECENTER,67.11,1.95,0.77,0.68,0.59,0.1000,0
107.350,RECENTER,67.02,1.95,0.77,0.68,0.60,0.1000,0
107.360,RECENTER,65.83,1.95,0.77,0.69,0.61,0.1000,0
107.370,RECENTER,65.74,1.94,0.77,0.69,0.61,0.1000,0
107.380,RECENTER,65.72,1.94,0.77,0.70,0.62,0.1000,0
107.390,RECENTER,37.71,1.94,0.77,0.70,0.62,0.1000,0
107.400,RECENTER,65.17,1.93,0.77,0.70,0.63,0.1000,0
107.410,RECENTER,65.09,1.93,0.78,0.70,0.63,0.1000,0
107.420,RECENTER,65.10,1.92,0.71,0.71,0.64,0.1000,0
107.430,RECENTER,66.63,1.92,0.71,0.71,0.64,0.1000,0
107.440,RECENTER,66.52,1.92,0.71,0.71,0.65,0.1000,0
107.450,RECENTER,65.34,1.91,0.71,0.72,0.65,0.1000,0
107.460,RECENTER,65.21,1.91,0.71,0.72,0.66,0.1000,0
